<?xml version="1.0" encoding="utf-8"?>
<TestRun id="8078f733-4485-4607-b5c8-6258ff1d7fd7" name="prasanth.tg@PIC4100 2025-09-27 13:15:13" runUser="PITSOLUTION\prasanth.tg" xmlns="http://microsoft.com/schemas/VisualStudio/TeamTest/2010">
  <Times creation="2025-09-27T13:15:13.1921182+05:30" queuing="2025-09-27T13:15:13.1921186+05:30" start="2025-09-27T13:15:08.3085141+05:30" finish="2025-09-27T13:15:54.3782212+05:30" />
  <TestSettings name="default" id="70f15f8f-5bb2-4a93-accc-468431c5c3c7">
    <Deployment runDeploymentRoot="prasanth.tg_PIC4100_2025-09-27_13_15_13" />
  </TestSettings>
  <Results>
    <UnitTestResult executionId="78e0e92e-c094-4b2f-8d7e-d9cb1d68b853" testId="a54395f3-905e-91ba-9cdb-aaccc9fd36c0" testName="TempleApi.Tests.AuthenticationTests.AuthService_RegisterAsync_ShouldCreateNewUser" computerName="PIC4100" duration="00:00:00.1808838" startTime="2025-09-27T13:15:17.5307461+05:30" endTime="2025-09-27T13:15:17.5307466+05:30" testType="13cdc9d9-ddb5-4fa4-a97d-d965ccfc6d4b" outcome="Passed" testListId="8c84fa94-04c1-424b-9868-57a2d4851a1d" relativeResultsDirectory="78e0e92e-c094-4b2f-8d7e-d9cb1d68b853" />
    <UnitTestResult executionId="c370dc51-e85c-4d04-8496-865b287d29d8" testId="0458ab75-f031-59dc-f4e1-8b7aa96e5c50" testName="TempleApi.Tests.SortingTests.GetAllEventTypesAsync_ReturnsEventTypesInDescendingOrder" computerName="PIC4100" duration="00:00:00.0552116" startTime="2025-09-27T13:15:16.9471672+05:30" endTime="2025-09-27T13:15:16.9471674+05:30" testType="13cdc9d9-ddb5-4fa4-a97d-d965ccfc6d4b" outcome="Passed" testListId="8c84fa94-04c1-424b-9868-57a2d4851a1d" relativeResultsDirectory="c370dc51-e85c-4d04-8496-865b287d29d8" />
    <UnitTestResult executionId="50f852fb-ac50-4706-b727-6d7249024a38" testId="47706686-622c-d66c-f351-f46f051ca0e5" testName="TempleApi.Tests.ProductServiceTests.GetAllProductsAsync_ShouldReturnAllActiveProducts" computerName="PIC4100" duration="00:00:00.0132049" startTime="2025-09-27T13:15:17.0620781+05:30" endTime="2025-09-27T13:15:17.0620782+05:30" testType="13cdc9d9-ddb5-4fa4-a97d-d965ccfc6d4b" outcome="Passed" testListId="8c84fa94-04c1-424b-9868-57a2d4851a1d" relativeResultsDirectory="50f852fb-ac50-4706-b727-6d7249024a38" />
    <UnitTestResult executionId="e5504b30-52f4-46da-9948-642ec4559312" testId="2fc9b8cf-307a-ae11-7258-fc052f000dd0" testName="TempleApi.Tests.ProductServiceTests.UpdateProductQuantityAsync_ShouldReturnFalse_WhenProductDoesNotExist" computerName="PIC4100" duration="00:00:00.0019987" startTime="2025-09-27T13:15:17.0678248+05:30" endTime="2025-09-27T13:15:17.0678254+05:30" testType="13cdc9d9-ddb5-4fa4-a97d-d965ccfc6d4b" outcome="Passed" testListId="8c84fa94-04c1-424b-9868-57a2d4851a1d" relativeResultsDirectory="e5504b30-52f4-46da-9948-642ec4559312" />
    <UnitTestResult executionId="7fa5002b-bb54-413a-bdda-5c4345b65efa" testId="e9243436-a77c-5f70-06d2-2ea09368e07c" testName="TempleApi.Tests.ExpenseServiceTests.GetExpenseByIdAsync_ShouldReturnExpense_WhenExists" computerName="PIC4100" duration="00:00:00.0043375" startTime="2025-09-27T13:15:13.0648228+05:30" endTime="2025-09-27T13:15:13.0648233+05:30" testType="13cdc9d9-ddb5-4fa4-a97d-d965ccfc6d4b" outcome="Passed" testListId="8c84fa94-04c1-424b-9868-57a2d4851a1d" relativeResultsDirectory="7fa5002b-bb54-413a-bdda-5c4345b65efa" />
    <UnitTestResult executionId="bd1ef5ec-df40-4458-972a-f31fb3646966" testId="f4c06a7b-6f31-9351-cfad-54d0a6ec0aa7" testName="TempleApi.Tests.UserManagementFeatureTests.CreateUser_ShouldHandleNull_NakshatraAndDOB" computerName="PIC4100" duration="00:00:00.0032727" startTime="2025-09-27T13:15:17.2471786+05:30" endTime="2025-09-27T13:15:17.2471788+05:30" testType="13cdc9d9-ddb5-4fa4-a97d-d965ccfc6d4b" outcome="Passed" testListId="8c84fa94-04c1-424b-9868-57a2d4851a1d" relativeResultsDirectory="bd1ef5ec-df40-4458-972a-f31fb3646966" />
    <UnitTestResult executionId="85cbd4bf-8678-4a7f-b475-ef896586c671" testId="77c72d7a-0209-9328-e487-74ad1654263f" testName="TempleApi.Tests.SaleServiceTests.UpdateSaleStatusAsync_ShouldReturnFalse_WhenSaleDoesNotExist" computerName="PIC4100" duration="00:00:00.0051978" startTime="2025-09-27T13:15:17.4072107+05:30" endTime="2025-09-27T13:15:17.4072110+05:30" testType="13cdc9d9-ddb5-4fa4-a97d-d965ccfc6d4b" outcome="Passed" testListId="8c84fa94-04c1-424b-9868-57a2d4851a1d" relativeResultsDirectory="85cbd4bf-8678-4a7f-b475-ef896586c671" />
    <UnitTestResult executionId="407e36f0-f384-45ec-9706-e3116f916cf2" testId="1d726efb-0c3d-f957-98b1-acaff535bf90" testName="TempleApi.Tests.SaleServiceTests.UpdateSaleAsync_ShouldUpdateSale_WhenSaleExists" computerName="PIC4100" duration="00:00:00.0073112" startTime="2025-09-27T13:15:17.6405228+05:30" endTime="2025-09-27T13:15:17.6405230+05:30" testType="13cdc9d9-ddb5-4fa4-a97d-d965ccfc6d4b" outcome="Passed" testListId="8c84fa94-04c1-424b-9868-57a2d4851a1d" relativeResultsDirectory="407e36f0-f384-45ec-9706-e3116f916cf2" />
    <UnitTestResult executionId="fc7c0400-2fb9-4df9-8041-04f73558138f" testId="c09e937d-82c5-bb22-0b37-d79848ec9599" testName="TempleApi.Tests.SaleServiceTests.CreateSaleAsync_ShouldCreateSale_WhenValidData" computerName="PIC4100" duration="00:00:00.0502573" startTime="2025-09-27T13:15:17.6330389+05:30" endTime="2025-09-27T13:15:17.6330390+05:30" testType="13cdc9d9-ddb5-4fa4-a97d-d965ccfc6d4b" outcome="Passed" testListId="8c84fa94-04c1-424b-9868-57a2d4851a1d" relativeResultsDirectory="fc7c0400-2fb9-4df9-8041-04f73558138f" />
    <UnitTestResult executionId="41cf4a54-28ac-45ff-abdc-2fafa56de804" testId="e6935054-f31e-01e4-a5e6-b6c9b26f8032" testName="TempleApi.Tests.AuthServiceVerificationTests.VerifyAsync_ShouldReturnFalse_WhenCodeInvalid" computerName="PIC4100" duration="00:00:03.4896579" startTime="2025-09-27T13:15:16.0392509+05:30" endTime="2025-09-27T13:15:16.0392513+05:30" testType="13cdc9d9-ddb5-4fa4-a97d-d965ccfc6d4b" outcome="Passed" testListId="8c84fa94-04c1-424b-9868-57a2d4851a1d" relativeResultsDirectory="41cf4a54-28ac-45ff-abdc-2fafa56de804" />
    <UnitTestResult executionId="8b1852c3-c90b-4cbb-895c-0f68389edf5a" testId="3984a37d-4858-e111-6dbe-58c3630ca63c" testName="TempleApi.Tests.SaleServiceTests.GetSalesByCustomerAsync_ShouldReturnCustomerSales" computerName="PIC4100" duration="00:00:00.0339446" startTime="2025-09-27T13:15:17.5173990+05:30" endTime="2025-09-27T13:15:17.5173995+05:30" testType="13cdc9d9-ddb5-4fa4-a97d-d965ccfc6d4b" outcome="Passed" testListId="8c84fa94-04c1-424b-9868-57a2d4851a1d" relativeResultsDirectory="8b1852c3-c90b-4cbb-895c-0f68389edf5a" />
    <UnitTestResult executionId="80fad5a4-1a87-4483-b343-d3f43e7fde31" testId="1f2d3a91-c279-a791-0bf9-4b95c4aa0b49" testName="TempleApi.Tests.SortingTests.GetAreasByTempleAsync_ReturnsAreasInDescendingOrder" computerName="PIC4100" duration="00:00:03.4159382" startTime="2025-09-27T13:15:16.4848262+05:30" endTime="2025-09-27T13:15:16.4848266+05:30" testType="13cdc9d9-ddb5-4fa4-a97d-d965ccfc6d4b" outcome="Passed" testListId="8c84fa94-04c1-424b-9868-57a2d4851a1d" relativeResultsDirectory="80fad5a4-1a87-4483-b343-d3f43e7fde31" />
    <UnitTestResult executionId="d095fe7c-3f26-40d7-804a-47b49e3e6aac" testId="35178701-d963-0669-66bd-7ce317876cc7" testName="TempleApi.Tests.AuthenticationTests.AuthService_GetUserRolesAndPermissions_ShouldReturnCorrectData" computerName="PIC4100" duration="00:00:00.3558663" startTime="2025-09-27T13:15:17.2070008+05:30" endTime="2025-09-27T13:15:17.2070014+05:30" testType="13cdc9d9-ddb5-4fa4-a97d-d965ccfc6d4b" outcome="Passed" testListId="8c84fa94-04c1-424b-9868-57a2d4851a1d" relativeResultsDirectory="d095fe7c-3f26-40d7-804a-47b49e3e6aac" />
    <UnitTestResult executionId="02374cd4-c68d-40c9-9633-0d3e5096ba85" testId="b50e2f02-31d9-2c6f-d4db-f265c3056800" testName="TempleApi.Tests.UserServiceTests.CreateUserAsync_ShouldCreateUser_WhenValidData" computerName="PIC4100" duration="00:00:00.0591952" startTime="2025-09-27T13:15:17.4633665+05:30" endTime="2025-09-27T13:15:17.4633668+05:30" testType="13cdc9d9-ddb5-4fa4-a97d-d965ccfc6d4b" outcome="Passed" testListId="8c84fa94-04c1-424b-9868-57a2d4851a1d" relativeResultsDirectory="02374cd4-c68d-40c9-9633-0d3e5096ba85" />
    <UnitTestResult executionId="98098926-2250-4ca6-9067-095dfd70a37e" testId="9144a1ad-c2cc-135c-af0e-923f7cc47503" testName="TempleApi.Tests.SaleServiceTests.SearchSalesAsync_ShouldReturnMatchingSales" computerName="PIC4100" duration="00:00:00.0179042" startTime="2025-09-27T13:15:17.6655336+05:30" endTime="2025-09-27T13:15:17.6655338+05:30" testType="13cdc9d9-ddb5-4fa4-a97d-d965ccfc6d4b" outcome="Passed" testListId="8c84fa94-04c1-424b-9868-57a2d4851a1d" relativeResultsDirectory="98098926-2250-4ca6-9067-095dfd70a37e" />
    <UnitTestResult executionId="bea19309-5bc3-48b9-9f2a-c81828a80e9d" testId="3d9c6260-16c9-3761-df38-8050b9e4e31f" testName="TempleApi.Tests.TempleServiceTests.CreateTempleAsync_ShouldCreateTemple_WhenValidData" computerName="PIC4100" duration="00:00:00.0076643" startTime="2025-09-27T13:15:16.9675711+05:30" endTime="2025-09-27T13:15:16.9675714+05:30" testType="13cdc9d9-ddb5-4fa4-a97d-d965ccfc6d4b" outcome="Passed" testListId="8c84fa94-04c1-424b-9868-57a2d4851a1d" relativeResultsDirectory="bea19309-5bc3-48b9-9f2a-c81828a80e9d" />
    <UnitTestResult executionId="199b4316-b225-4aa1-8b85-c1f3744e47c0" testId="22736036-7d7c-195a-d3f4-cd1371b4a768" testName="TempleApi.Tests.ProductServiceTests.DeleteProductAsync_ShouldDeactivateProduct_WhenProductExists" computerName="PIC4100" duration="00:00:00.0168574" startTime="2025-09-27T13:15:16.9667461+05:30" endTime="2025-09-27T13:15:16.9667464+05:30" testType="13cdc9d9-ddb5-4fa4-a97d-d965ccfc6d4b" outcome="Passed" testListId="8c84fa94-04c1-424b-9868-57a2d4851a1d" relativeResultsDirectory="199b4316-b225-4aa1-8b85-c1f3744e47c0" />
    <UnitTestResult executionId="0f41d925-bf43-44c6-94ea-5bdd76dc5554" testId="61479b2f-f36c-54ca-2bb6-66e0a75f1c76" testName="TempleApi.Tests.VoucherServiceTests.GetVouchersByEventAsync_ShouldReturnVouchers_ForEvent" computerName="PIC4100" duration="00:00:00.0575941" startTime="2025-09-27T13:15:17.2399340+05:30" endTime="2025-09-27T13:15:17.2399344+05:30" testType="13cdc9d9-ddb5-4fa4-a97d-d965ccfc6d4b" outcome="Passed" testListId="8c84fa94-04c1-424b-9868-57a2d4851a1d" relativeResultsDirectory="0f41d925-bf43-44c6-94ea-5bdd76dc5554" />
    <UnitTestResult executionId="05e1ce4a-19a2-4f51-b598-fb49071c3a0b" testId="1570ae63-9996-976c-f701-72e2709e43b9" testName="TempleApi.Tests.UserServiceTests.ValidateUserCredentialsAsync_ShouldReturnFalse_WhenCredentialsAreInvalid" computerName="PIC4100" duration="00:00:00.0379350" startTime="2025-09-27T13:15:17.5402908+05:30" endTime="2025-09-27T13:15:17.5402913+05:30" testType="13cdc9d9-ddb5-4fa4-a97d-d965ccfc6d4b" outcome="Passed" testListId="8c84fa94-04c1-424b-9868-57a2d4851a1d" relativeResultsDirectory="05e1ce4a-19a2-4f51-b598-fb49071c3a0b" />
    <UnitTestResult executionId="247576d2-a79e-45f3-b4fb-afeb4fd4b2f2" testId="b469c357-73b3-9d74-4709-d33f3022f580" testName="TempleApi.Tests.UserManagementFeatureTests.CreateUser_ShouldAccept_VariousNakshatrasAndDates(nakshatra: &quot;Ashwini&quot;, dateTimeStr: &quot;1990-05-15 10:30:00&quot;)" computerName="PIC4100" duration="00:00:00.0016459" startTime="2025-09-27T13:15:17.2859926+05:30" endTime="2025-09-27T13:15:17.2859931+05:30" testType="13cdc9d9-ddb5-4fa4-a97d-d965ccfc6d4b" outcome="Passed" testListId="8c84fa94-04c1-424b-9868-57a2d4851a1d" relativeResultsDirectory="247576d2-a79e-45f3-b4fb-afeb4fd4b2f2" />
    <UnitTestResult executionId="3e740fa9-30b5-47ef-8e48-0b60ac268959" testId="4698dc09-e29f-4c31-faa4-3ceea7adb52d" testName="TempleApi.Tests.DevoteeServiceTests.CreateDevoteeWithUserAsync_ShouldCreateUser_AndReturnPassword_WhenEmailPresent" computerName="PIC4100" duration="00:00:00.5273427" startTime="2025-09-27T13:15:16.8173606+05:30" endTime="2025-09-27T13:15:16.8173611+05:30" testType="13cdc9d9-ddb5-4fa4-a97d-d965ccfc6d4b" outcome="Passed" testListId="8c84fa94-04c1-424b-9868-57a2d4851a1d" relativeResultsDirectory="3e740fa9-30b5-47ef-8e48-0b60ac268959" />
    <UnitTestResult executionId="fece3102-a794-4db2-990b-224e2931c3ec" testId="e4283c56-de9f-578a-0c4b-320206079df3" testName="TempleApi.Tests.AuthenticationIntegrationTests.GetRoles_ShouldReturnUserRoles_WithValidAuth" computerName="PIC4100" duration="00:00:01.3259768" startTime="2025-09-27T13:15:49.9742908+05:30" endTime="2025-09-27T13:15:49.9742914+05:30" testType="13cdc9d9-ddb5-4fa4-a97d-d965ccfc6d4b" outcome="Failed" testListId="8c84fa94-04c1-424b-9868-57a2d4851a1d" relativeResultsDirectory="fece3102-a794-4db2-990b-224e2931c3ec">
      <Output>
        <ErrorInfo>
          <Message>Expected response.StatusCode to be HttpStatusCode.OK {value: 200}, but found HttpStatusCode.Unauthorized {value: 401}.</Message>
          <StackTrace>   at FluentAssertions.Execution.XUnit2TestFramework.Throw(String message)&#xD;
   at FluentAssertions.Execution.TestFrameworkProvider.Throw(String message)&#xD;
   at FluentAssertions.Execution.DefaultAssertionStrategy.HandleFailure(String message)&#xD;
   at FluentAssertions.Execution.AssertionScope.FailWith(Func`1 failReasonFunc)&#xD;
   at FluentAssertions.Execution.AssertionScope.FailWith(Func`1 failReasonFunc)&#xD;
   at FluentAssertions.Execution.AssertionScope.FailWith(String message, Object[] args)&#xD;
   at FluentAssertions.Primitives.EnumAssertions`2.Be(TEnum expected, String because, Object[] becauseArgs)&#xD;
   at TempleApi.Tests.AuthenticationIntegrationTests.GetRoles_ShouldReturnUserRoles_WithValidAuth() in D:\prasanth\Personal\source\temple\temple-management-app\temple-api\Tests\AuthenticationIntegrationTests.cs:line 208&#xD;
--- End of stack trace from previous location ---</StackTrace>
        </ErrorInfo>
      </Output>
    </UnitTestResult>
    <UnitTestResult executionId="28070338-ba22-48e1-98c7-b5e03485e232" testId="c4af5b66-4154-9ce8-3194-c392f5b74e3c" testName="TempleApi.Tests.EventServiceTests.UpdateEventStatusAsync_ShouldUpdateStatus" computerName="PIC4100" duration="00:00:00.0104009" startTime="2025-09-27T13:15:17.1747266+05:30" endTime="2025-09-27T13:15:17.1747278+05:30" testType="13cdc9d9-ddb5-4fa4-a97d-d965ccfc6d4b" outcome="Passed" testListId="8c84fa94-04c1-424b-9868-57a2d4851a1d" relativeResultsDirectory="28070338-ba22-48e1-98c7-b5e03485e232" />
    <UnitTestResult executionId="f4571e27-3655-42b3-974a-e1b6579c81d4" testId="2167bcfa-8005-6cd2-aaa6-9ef4adabd9a8" testName="TempleApi.Tests.AuthenticationIntegrationTests.Login_ShouldReturn401_WithoutCredentials" computerName="PIC4100" duration="00:00:01.3165134" startTime="2025-09-27T13:15:24.5252440+05:30" endTime="2025-09-27T13:15:24.5252452+05:30" testType="13cdc9d9-ddb5-4fa4-a97d-d965ccfc6d4b" outcome="Passed" testListId="8c84fa94-04c1-424b-9868-57a2d4851a1d" relativeResultsDirectory="f4571e27-3655-42b3-974a-e1b6579c81d4" />
    <UnitTestResult executionId="a9dc0e28-12fa-4664-8d55-de603d8fe0fc" testId="3da075bc-02e5-c197-facb-b91da5e36527" testName="TempleApi.Tests.RoleServiceTests.UpdateRoleAsync_ShouldUpdateRole" computerName="PIC4100" duration="00:00:00.1342275" startTime="2025-09-27T13:15:16.3977386+05:30" endTime="2025-09-27T13:15:16.3977392+05:30" testType="13cdc9d9-ddb5-4fa4-a97d-d965ccfc6d4b" outcome="Passed" testListId="8c84fa94-04c1-424b-9868-57a2d4851a1d" relativeResultsDirectory="a9dc0e28-12fa-4664-8d55-de603d8fe0fc" />
    <UnitTestResult executionId="bd7b0e64-791c-4bea-b532-86b1abe2d9a4" testId="d2235795-d055-4484-4cc8-2f3fe800c45a" testName="TempleApi.Tests.AuthenticationTests.AuthService_LoginAsync_ShouldReturnSuccess_WithValidCredentials" computerName="PIC4100" duration="00:00:00.0055928" startTime="2025-09-27T13:15:17.3019118+05:30" endTime="2025-09-27T13:15:17.3019120+05:30" testType="13cdc9d9-ddb5-4fa4-a97d-d965ccfc6d4b" outcome="Passed" testListId="8c84fa94-04c1-424b-9868-57a2d4851a1d" relativeResultsDirectory="bd7b0e64-791c-4bea-b532-86b1abe2d9a4" />
    <UnitTestResult executionId="96fe3ab2-bf12-41e0-b720-037258746d4c" testId="dc060bdc-7ea0-2fdd-52a1-7c7f23e58b1d" testName="TempleApi.Tests.UserServiceTests.CreateUserAsync_ShouldThrowException_WhenEmailExists" computerName="PIC4100" duration="00:00:00.0048078" startTime="2025-09-27T13:15:17.6317350+05:30" endTime="2025-09-27T13:15:17.6317351+05:30" testType="13cdc9d9-ddb5-4fa4-a97d-d965ccfc6d4b" outcome="Passed" testListId="8c84fa94-04c1-424b-9868-57a2d4851a1d" relativeResultsDirectory="96fe3ab2-bf12-41e0-b720-037258746d4c" />
    <UnitTestResult executionId="c03f62a2-96ba-4161-a2b3-4bb39ad5cc92" testId="11d0f0fe-0328-5d66-c3dd-14ae6bf3f580" testName="TempleApi.Tests.PoojaServiceTests.UpdatePoojaAsync_ShouldUpdatePooja_WhenPoojaExists" computerName="PIC4100" duration="00:00:00.0066803" startTime="2025-09-27T13:15:16.1071615+05:30" endTime="2025-09-27T13:15:16.1071620+05:30" testType="13cdc9d9-ddb5-4fa4-a97d-d965ccfc6d4b" outcome="Passed" testListId="8c84fa94-04c1-424b-9868-57a2d4851a1d" relativeResultsDirectory="c03f62a2-96ba-4161-a2b3-4bb39ad5cc92" />
    <UnitTestResult executionId="3dc00f1b-10df-469c-9375-bbbbca726d69" testId="0d2dd6a9-cdda-6a30-8812-16d9d9726bb1" testName="TempleApi.Tests.DonationServiceTests.GetDonationByIdAsync_ShouldReturnNull_WhenNotFound" computerName="PIC4100" duration="00:00:00.0024982" startTime="2025-09-27T13:15:16.9813435+05:30" endTime="2025-09-27T13:15:16.9813437+05:30" testType="13cdc9d9-ddb5-4fa4-a97d-d965ccfc6d4b" outcome="Passed" testListId="8c84fa94-04c1-424b-9868-57a2d4851a1d" relativeResultsDirectory="3dc00f1b-10df-469c-9375-bbbbca726d69" />
    <UnitTestResult executionId="93c1a937-d6d0-4f21-a27a-2e25ea33739b" testId="3952722e-733b-7ed5-be94-ffb4ae81bee0" testName="TempleApi.Tests.TempleServiceTests.UpdateTempleAsync_ShouldUpdate_WhenExists" computerName="PIC4100" duration="00:00:00.0362420" startTime="2025-09-27T13:15:16.6332610+05:30" endTime="2025-09-27T13:15:16.6332618+05:30" testType="13cdc9d9-ddb5-4fa4-a97d-d965ccfc6d4b" outcome="Passed" testListId="8c84fa94-04c1-424b-9868-57a2d4851a1d" relativeResultsDirectory="93c1a937-d6d0-4f21-a27a-2e25ea33739b" />
    <UnitTestResult executionId="75489f97-e2a9-4337-a61a-427ef2f18c6f" testId="0b117344-855f-0872-496a-9bec1ee1ffc6" testName="TempleApi.Tests.UserServiceTests.GetUserByIdAsync_ShouldReturnNull_WhenUserDoesNotExist" computerName="PIC4100" duration="00:00:00.0113781" startTime="2025-09-27T13:15:17.5831395+05:30" endTime="2025-09-27T13:15:17.5831396+05:30" testType="13cdc9d9-ddb5-4fa4-a97d-d965ccfc6d4b" outcome="Passed" testListId="8c84fa94-04c1-424b-9868-57a2d4851a1d" relativeResultsDirectory="75489f97-e2a9-4337-a61a-427ef2f18c6f" />
    <UnitTestResult executionId="8ebba1e6-fc60-481f-be41-aa702982e464" testId="2f34b363-3e86-f793-5054-d67cc174d976" testName="TempleApi.Tests.AuthenticationTests.BasicAuthenticationHandler_ShouldFail_WithInvalidPassword" computerName="PIC4100" duration="00:00:00.0054827" startTime="2025-09-27T13:15:17.3145509+05:30" endTime="2025-09-27T13:15:17.3145512+05:30" testType="13cdc9d9-ddb5-4fa4-a97d-d965ccfc6d4b" outcome="Passed" testListId="8c84fa94-04c1-424b-9868-57a2d4851a1d" relativeResultsDirectory="8ebba1e6-fc60-481f-be41-aa702982e464" />
    <UnitTestResult executionId="a64d0bff-400e-4641-af8b-db1c441bf234" testId="094dc1bd-429a-8876-53c2-245bd7671a4c" testName="TempleApi.Tests.AuthenticationFeatureTests.Login_ShouldSucceed_ForVerifiedUser_WithNakshatraAndDOB" computerName="PIC4100" duration="00:00:00.2331276" startTime="2025-09-27T13:15:17.2010660+05:30" endTime="2025-09-27T13:15:17.2010665+05:30" testType="13cdc9d9-ddb5-4fa4-a97d-d965ccfc6d4b" outcome="Passed" testListId="8c84fa94-04c1-424b-9868-57a2d4851a1d" relativeResultsDirectory="a64d0bff-400e-4641-af8b-db1c441bf234" />
    <UnitTestResult executionId="b94db658-9ced-431b-b622-e1f7f17fc16f" testId="3b999dc2-65bc-7e70-80ea-6f8ab5d7ec81" testName="TempleApi.Tests.UserServiceTests.DeleteUserAsync_ShouldReturnFalse_WhenUserDoesNotExist" computerName="PIC4100" duration="00:00:00.0018334" startTime="2025-09-27T13:15:17.6339407+05:30" endTime="2025-09-27T13:15:17.6339409+05:30" testType="13cdc9d9-ddb5-4fa4-a97d-d965ccfc6d4b" outcome="Passed" testListId="8c84fa94-04c1-424b-9868-57a2d4851a1d" relativeResultsDirectory="b94db658-9ced-431b-b622-e1f7f17fc16f" />
    <UnitTestResult executionId="0308e68f-1892-4884-959f-a73c8dc2574e" testId="a338127a-f430-e81e-e53e-6c5e94542f3c" testName="TempleApi.Tests.CategoryServiceTests.CreateCategoryAsync_ShouldCreate_WhenValid" computerName="PIC4100" duration="00:00:00.0399102" startTime="2025-09-27T13:15:17.3849315+05:30" endTime="2025-09-27T13:15:17.3849318+05:30" testType="13cdc9d9-ddb5-4fa4-a97d-d965ccfc6d4b" outcome="Passed" testListId="8c84fa94-04c1-424b-9868-57a2d4851a1d" relativeResultsDirectory="0308e68f-1892-4884-959f-a73c8dc2574e" />
    <UnitTestResult executionId="0fb7cacd-caf5-46e4-9720-88cf40e0a4ad" testId="362be764-c6d6-316c-0303-ac1b4b90b0c7" testName="TempleApi.Tests.PoojaBookingServiceTests.GetBookingsByDateRangeAsync_ShouldReturnWithinRange" computerName="PIC4100" duration="00:00:00.1404063" startTime="2025-09-27T13:15:18.1184803+05:30" endTime="2025-09-27T13:15:18.1184807+05:30" testType="13cdc9d9-ddb5-4fa4-a97d-d965ccfc6d4b" outcome="Passed" testListId="8c84fa94-04c1-424b-9868-57a2d4851a1d" relativeResultsDirectory="0fb7cacd-caf5-46e4-9720-88cf40e0a4ad" />
    <UnitTestResult executionId="34ce8a13-d493-4796-84be-3cf5b3a5fade" testId="c75b9336-1aa7-9e47-875a-f4e400489d36" testName="TempleApi.Tests.CategoryServiceTests.UpdateCategoryAsync_ShouldThrow_WhenDuplicateName" computerName="PIC4100" duration="00:00:00.0141498" startTime="2025-09-27T13:15:17.6853918+05:30" endTime="2025-09-27T13:15:17.6853922+05:30" testType="13cdc9d9-ddb5-4fa4-a97d-d965ccfc6d4b" outcome="Passed" testListId="8c84fa94-04c1-424b-9868-57a2d4851a1d" relativeResultsDirectory="34ce8a13-d493-4796-84be-3cf5b3a5fade" />
    <UnitTestResult executionId="eec303e8-5151-44df-b5d3-a181fb8f7821" testId="d500a7de-874f-ae68-1211-06aa66b001f7" testName="TempleApi.Tests.UserServiceTests.GetUserByIdAsync_ShouldReturnUser_WhenUserExists" computerName="PIC4100" duration="00:00:00.0026972" startTime="2025-09-27T13:15:17.6481387+05:30" endTime="2025-09-27T13:15:17.6481391+05:30" testType="13cdc9d9-ddb5-4fa4-a97d-d965ccfc6d4b" outcome="Passed" testListId="8c84fa94-04c1-424b-9868-57a2d4851a1d" relativeResultsDirectory="eec303e8-5151-44df-b5d3-a181fb8f7821" />
    <UnitTestResult executionId="9b0ed18d-94bd-41fd-a229-7870a654838c" testId="24c1007d-9938-3b49-36f6-c7459a6ed99f" testName="TempleApi.Tests.PoojaServiceTests.GetPoojaByIdAsync_ShouldReturnPooja_WhenPoojaExists" computerName="PIC4100" duration="00:00:00.0130775" startTime="2025-09-27T13:15:16.1487246+05:30" endTime="2025-09-27T13:15:16.1487250+05:30" testType="13cdc9d9-ddb5-4fa4-a97d-d965ccfc6d4b" outcome="Passed" testListId="8c84fa94-04c1-424b-9868-57a2d4851a1d" relativeResultsDirectory="9b0ed18d-94bd-41fd-a229-7870a654838c" />
    <UnitTestResult executionId="ca1d5c45-ed43-40d7-bfa8-bf0d4c54470e" testId="480e9a5e-2bf3-af7c-8997-e20360e84543" testName="TempleApi.Tests.RoleServiceTests.DeleteRoleAsync_ShouldDeleteRole" computerName="PIC4100" duration="00:00:00.0139930" startTime="2025-09-27T13:15:16.4115634+05:30" endTime="2025-09-27T13:15:16.4115640+05:30" testType="13cdc9d9-ddb5-4fa4-a97d-d965ccfc6d4b" outcome="Passed" testListId="8c84fa94-04c1-424b-9868-57a2d4851a1d" relativeResultsDirectory="ca1d5c45-ed43-40d7-bfa8-bf0d4c54470e" />
    <UnitTestResult executionId="90e78a8e-22e3-4da5-bdac-d5a58b552281" testId="22fb72e1-788e-aa75-c632-5eeb0eac858a" testName="TempleApi.Tests.CategoryServiceTests.ToggleCategoryStatusAsync_ShouldToggle" computerName="PIC4100" duration="00:00:00.0168872" startTime="2025-09-27T13:15:17.6406134+05:30" endTime="2025-09-27T13:15:17.6406134+05:30" testType="13cdc9d9-ddb5-4fa4-a97d-d965ccfc6d4b" outcome="Passed" testListId="8c84fa94-04c1-424b-9868-57a2d4851a1d" relativeResultsDirectory="90e78a8e-22e3-4da5-bdac-d5a58b552281" />
    <UnitTestResult executionId="b3cab9e4-8d91-4c25-b167-39aa79fcb3ca" testId="b26eee93-4d8c-cd01-d35c-d1143e66bb56" testName="TempleApi.Tests.AuthenticationIntegrationTests.Register_ShouldCreateNewUser" computerName="PIC4100" duration="00:00:06.3645364" startTime="2025-09-27T13:15:30.8910389+05:30" endTime="2025-09-27T13:15:30.8910394+05:30" testType="13cdc9d9-ddb5-4fa4-a97d-d965ccfc6d4b" outcome="Passed" testListId="8c84fa94-04c1-424b-9868-57a2d4851a1d" relativeResultsDirectory="b3cab9e4-8d91-4c25-b167-39aa79fcb3ca" />
    <UnitTestResult executionId="835eb2ee-39f0-4048-baa0-671481c4bc1f" testId="bf706f12-9014-deaa-f07e-148a649d2b42" testName="TempleApi.Tests.UserServiceTests.UpdateUserAsync_ShouldThrowException_WhenUserDoesNotExist" computerName="PIC4100" duration="00:00:00.0025780" startTime="2025-09-27T13:15:17.5835406+05:30" endTime="2025-09-27T13:15:17.5835407+05:30" testType="13cdc9d9-ddb5-4fa4-a97d-d965ccfc6d4b" outcome="Passed" testListId="8c84fa94-04c1-424b-9868-57a2d4851a1d" relativeResultsDirectory="835eb2ee-39f0-4048-baa0-671481c4bc1f" />
    <UnitTestResult executionId="ac8650cf-c068-4cdf-a66d-070566fe001e" testId="e36f5a7f-c183-f164-0426-1e05666ff512" testName="TempleApi.Tests.AuthenticationIntegrationTests.Register_ShouldFail_WithInvalidPhone" computerName="PIC4100" duration="00:00:01.5108195" startTime="2025-09-27T13:15:53.0581939+05:30" endTime="2025-09-27T13:15:53.0581957+05:30" testType="13cdc9d9-ddb5-4fa4-a97d-d965ccfc6d4b" outcome="Passed" testListId="8c84fa94-04c1-424b-9868-57a2d4851a1d" relativeResultsDirectory="ac8650cf-c068-4cdf-a66d-070566fe001e" />
    <UnitTestResult executionId="0c182e8e-6ba2-4b4e-90e9-dd78c62367b0" testId="ee4cb1f2-1835-9ad5-7791-b30e25ab4aaa" testName="TempleApi.Tests.ExpenseServiceTests.CreateExpenseAsync_ShouldThrowException_WhenEventExpenseNotFound" computerName="PIC4100" duration="00:00:00.2990807" startTime="2025-09-27T13:15:12.8627065+05:30" endTime="2025-09-27T13:15:12.8627068+05:30" testType="13cdc9d9-ddb5-4fa4-a97d-d965ccfc6d4b" outcome="Passed" testListId="8c84fa94-04c1-424b-9868-57a2d4851a1d" relativeResultsDirectory="0c182e8e-6ba2-4b4e-90e9-dd78c62367b0" />
    <UnitTestResult executionId="8b577e33-4300-496d-9c44-06316ea6b8de" testId="be33b2a8-11c7-7f0b-aa8f-b2c67952b1fb" testName="TempleApi.Tests.AuthenticationFeatureTests.GetUserById_ShouldReturn_NakshatraAndDOB" computerName="PIC4100" duration="00:00:00.1640726" startTime="2025-09-27T13:15:17.3850833+05:30" endTime="2025-09-27T13:15:17.3850834+05:30" testType="13cdc9d9-ddb5-4fa4-a97d-d965ccfc6d4b" outcome="Passed" testListId="8c84fa94-04c1-424b-9868-57a2d4851a1d" relativeResultsDirectory="8b577e33-4300-496d-9c44-06316ea6b8de" />
    <UnitTestResult executionId="c7bf28f5-7ceb-4e82-847d-c4a0e1894aee" testId="69eb3baf-31fc-0590-7d8b-3256ee9cdcfd" testName="TempleApi.Tests.ProductServiceTests.UpdateProductAsync_ShouldUpdateProduct_WhenProductExists" computerName="PIC4100" duration="00:00:00.0116074" startTime="2025-09-27T13:15:17.0812574+05:30" endTime="2025-09-27T13:15:17.0812576+05:30" testType="13cdc9d9-ddb5-4fa4-a97d-d965ccfc6d4b" outcome="Passed" testListId="8c84fa94-04c1-424b-9868-57a2d4851a1d" relativeResultsDirectory="c7bf28f5-7ceb-4e82-847d-c4a0e1894aee" />
    <UnitTestResult executionId="97716481-0d56-461e-8968-1875b6dfa0e9" testId="9faa2a64-62f2-5086-c7f5-c6f834c52712" testName="TempleApi.Tests.RoleServiceTests.CreateRoleAsync_ShouldAddRole" computerName="PIC4100" duration="00:00:00.0124127" startTime="2025-09-27T13:15:16.5973225+05:30" endTime="2025-09-27T13:15:16.5973228+05:30" testType="13cdc9d9-ddb5-4fa4-a97d-d965ccfc6d4b" outcome="Passed" testListId="8c84fa94-04c1-424b-9868-57a2d4851a1d" relativeResultsDirectory="97716481-0d56-461e-8968-1875b6dfa0e9" />
    <UnitTestResult executionId="a0ac7a2e-5496-425c-af05-c2a40ed2fc05" testId="27618b1e-f361-09ad-ba2a-99516e9fcec8" testName="TempleApi.Tests.DonationServiceTests.GetTotalDonationsByTempleAsync_ShouldSumCompleted" computerName="PIC4100" duration="00:00:00.0640947" startTime="2025-09-27T13:15:16.1904595+05:30" endTime="2025-09-27T13:15:16.1904607+05:30" testType="13cdc9d9-ddb5-4fa4-a97d-d965ccfc6d4b" outcome="Passed" testListId="8c84fa94-04c1-424b-9868-57a2d4851a1d" relativeResultsDirectory="a0ac7a2e-5496-425c-af05-c2a40ed2fc05" />
    <UnitTestResult executionId="a00aebfd-b2ee-4485-a62c-32413f78c4f6" testId="a1a67ca8-d6c9-3f95-e223-223850e04a90" testName="TempleApi.Tests.PoojaBookingServiceTests.GetBookingsByStatusAsync_ShouldReturnOnlySpecifiedStatus" computerName="PIC4100" duration="00:00:00.2262268" startTime="2025-09-27T13:15:17.8231181+05:30" endTime="2025-09-27T13:15:17.8231195+05:30" testType="13cdc9d9-ddb5-4fa4-a97d-d965ccfc6d4b" outcome="Passed" testListId="8c84fa94-04c1-424b-9868-57a2d4851a1d" relativeResultsDirectory="a00aebfd-b2ee-4485-a62c-32413f78c4f6" />
    <UnitTestResult executionId="058ef6e3-7531-492f-a748-d484bb025038" testId="a81d37b1-33da-aaf6-655d-52bf7617fbac" testName="TempleApi.Tests.EventServiceTests.DeleteEventAsync_ShouldSoftDelete" computerName="PIC4100" duration="00:00:00.0114251" startTime="2025-09-27T13:15:17.7254976+05:30" endTime="2025-09-27T13:15:17.7254980+05:30" testType="13cdc9d9-ddb5-4fa4-a97d-d965ccfc6d4b" outcome="Passed" testListId="8c84fa94-04c1-424b-9868-57a2d4851a1d" relativeResultsDirectory="058ef6e3-7531-492f-a748-d484bb025038" />
    <UnitTestResult executionId="ee1ec7b1-3d3e-4c05-ac32-698c47a25550" testId="4b862328-a70a-e50a-75a9-b2fac7978b7e" testName="TempleApi.Tests.RepositorySortingTests.GetAllAsync_WithIncludes_ReturnsInDescendingOrder" computerName="PIC4100" duration="00:00:00.1455350" startTime="2025-09-27T13:15:17.4808870+05:30" endTime="2025-09-27T13:15:17.4808875+05:30" testType="13cdc9d9-ddb5-4fa4-a97d-d965ccfc6d4b" outcome="Passed" testListId="8c84fa94-04c1-424b-9868-57a2d4851a1d" relativeResultsDirectory="ee1ec7b1-3d3e-4c05-ac32-698c47a25550" />
    <UnitTestResult executionId="471f1df5-a985-4c55-880b-059bf2e21237" testId="7d918a12-8678-6263-f425-7314b603134d" testName="TempleApi.Tests.AuthenticationIntegrationTests.ProtectedEndpoint_ShouldReturn401_WithoutAuth" computerName="PIC4100" duration="00:00:01.5402094" startTime="2025-09-27T13:15:23.2075729+05:30" endTime="2025-09-27T13:15:23.2075735+05:30" testType="13cdc9d9-ddb5-4fa4-a97d-d965ccfc6d4b" outcome="Passed" testListId="8c84fa94-04c1-424b-9868-57a2d4851a1d" relativeResultsDirectory="471f1df5-a985-4c55-880b-059bf2e21237" />
    <UnitTestResult executionId="74bd9cae-4f41-44c1-bb42-eacdca8b937c" testId="9466a05f-08b2-99bd-957c-624888e16dd1" testName="TempleApi.Tests.UserServiceTests.DeleteUserAsync_ShouldReturnTrue_WhenUserExists" computerName="PIC4100" duration="00:00:00.0244228" startTime="2025-09-27T13:15:17.5641293+05:30" endTime="2025-09-27T13:15:17.5641297+05:30" testType="13cdc9d9-ddb5-4fa4-a97d-d965ccfc6d4b" outcome="Passed" testListId="8c84fa94-04c1-424b-9868-57a2d4851a1d" relativeResultsDirectory="74bd9cae-4f41-44c1-bb42-eacdca8b937c" />
    <UnitTestResult executionId="b05f0c7a-008a-43c3-ab5d-0d7823a8c14f" testId="588f923c-f5b2-6203-a441-f8f10f017f82" testName="TempleApi.Tests.EventExpenseServiceTests.DeleteEventExpenseAsync_ShouldReturnTrue_WhenExists" computerName="PIC4100" duration="00:00:00.0078411" startTime="2025-09-27T13:15:13.0299768+05:30" endTime="2025-09-27T13:15:13.0299769+05:30" testType="13cdc9d9-ddb5-4fa4-a97d-d965ccfc6d4b" outcome="Passed" testListId="8c84fa94-04c1-424b-9868-57a2d4851a1d" relativeResultsDirectory="b05f0c7a-008a-43c3-ab5d-0d7823a8c14f" />
    <UnitTestResult executionId="7a8d16cf-5279-42cb-a1b2-b2e5cffcedd6" testId="8f92ab9b-8de4-cce0-035e-6b142097d0ce" testName="TempleApi.Tests.SaleServiceTests.GetSaleByIdAsync_ShouldReturnSale_WhenSaleExists" computerName="PIC4100" duration="00:00:00.0181912" startTime="2025-09-27T13:15:17.5358065+05:30" endTime="2025-09-27T13:15:17.5358068+05:30" testType="13cdc9d9-ddb5-4fa4-a97d-d965ccfc6d4b" outcome="Passed" testListId="8c84fa94-04c1-424b-9868-57a2d4851a1d" relativeResultsDirectory="7a8d16cf-5279-42cb-a1b2-b2e5cffcedd6" />
    <UnitTestResult executionId="7b237c1a-0e8f-45f5-8f8e-1fc952cbab76" testId="c617c58e-32b2-9b1c-00f9-31c5f63d5df8" testName="TempleApi.Tests.SaleServiceTests.CreateSaleAsync_ShouldThrowException_WhenStaffNotFound" computerName="PIC4100" duration="00:00:00.0030893" startTime="2025-09-27T13:15:17.5836410+05:30" endTime="2025-09-27T13:15:17.5836411+05:30" testType="13cdc9d9-ddb5-4fa4-a97d-d965ccfc6d4b" outcome="Passed" testListId="8c84fa94-04c1-424b-9868-57a2d4851a1d" relativeResultsDirectory="7b237c1a-0e8f-45f5-8f8e-1fc952cbab76" />
    <UnitTestResult executionId="e1c8cccb-42aa-4b17-a7d1-a1d0f5ea7208" testId="fed2732f-218e-b28e-391b-9293e51d433c" testName="TempleApi.Tests.UserManagementFeatureTests.GetAllUsers_ShouldReturn_UsersWithNakshatraAndDOB" computerName="PIC4100" duration="00:00:00.0463464" startTime="2025-09-27T13:15:17.1285603+05:30" endTime="2025-09-27T13:15:17.1285606+05:30" testType="13cdc9d9-ddb5-4fa4-a97d-d965ccfc6d4b" outcome="Passed" testListId="8c84fa94-04c1-424b-9868-57a2d4851a1d" relativeResultsDirectory="e1c8cccb-42aa-4b17-a7d1-a1d0f5ea7208" />
    <UnitTestResult executionId="e7c067ba-e5b2-47b0-ab8a-47e2badd38ea" testId="3d4f0d9e-dc9a-1f4e-08b2-88da545dbc9a" testName="TempleApi.Tests.EventExpenseServiceTests.GetEventExpenseByIdAsync_ShouldReturnItem_WhenExists" computerName="PIC4100" duration="00:00:00.2920487" startTime="2025-09-27T13:15:12.8407498+05:30" endTime="2025-09-27T13:15:12.8408031+05:30" testType="13cdc9d9-ddb5-4fa4-a97d-d965ccfc6d4b" outcome="Passed" testListId="8c84fa94-04c1-424b-9868-57a2d4851a1d" relativeResultsDirectory="e7c067ba-e5b2-47b0-ab8a-47e2badd38ea" />
    <UnitTestResult executionId="f5de7c1c-5ddc-4676-9877-2551638c1d0d" testId="f7dd0744-33e2-6490-3aa4-ab03e52e373c" testName="TempleApi.Tests.AuthenticationIntegrationTests.GetMe_ShouldReturnUserInfo_WithValidAuth" computerName="PIC4100" duration="00:00:08.5929404" startTime="2025-09-27T13:15:21.6816030+05:30" endTime="2025-09-27T13:15:21.6816037+05:30" testType="13cdc9d9-ddb5-4fa4-a97d-d965ccfc6d4b" outcome="Failed" testListId="8c84fa94-04c1-424b-9868-57a2d4851a1d" relativeResultsDirectory="f5de7c1c-5ddc-4676-9877-2551638c1d0d">
      <Output>
        <ErrorInfo>
          <Message>Expected response.StatusCode to be HttpStatusCode.OK {value: 200}, but found HttpStatusCode.Unauthorized {value: 401}.</Message>
          <StackTrace>   at FluentAssertions.Execution.XUnit2TestFramework.Throw(String message)&#xD;
   at FluentAssertions.Execution.TestFrameworkProvider.Throw(String message)&#xD;
   at FluentAssertions.Execution.DefaultAssertionStrategy.HandleFailure(String message)&#xD;
   at FluentAssertions.Execution.AssertionScope.FailWith(Func`1 failReasonFunc)&#xD;
   at FluentAssertions.Execution.AssertionScope.FailWith(Func`1 failReasonFunc)&#xD;
   at FluentAssertions.Execution.AssertionScope.FailWith(String message, Object[] args)&#xD;
   at FluentAssertions.Primitives.EnumAssertions`2.Be(TEnum expected, String because, Object[] becauseArgs)&#xD;
   at TempleApi.Tests.AuthenticationIntegrationTests.GetMe_ShouldReturnUserInfo_WithValidAuth() in D:\prasanth\Personal\source\temple\temple-management-app\temple-api\Tests\AuthenticationIntegrationTests.cs:line 177&#xD;
--- End of stack trace from previous location ---</StackTrace>
        </ErrorInfo>
      </Output>
    </UnitTestResult>
    <UnitTestResult executionId="f607db71-cfc5-4c2f-a461-3864bd10bc3f" testId="b1a83a25-cf01-1634-cc57-23bb07a6b79d" testName="TempleApi.Tests.AuthenticationFeatureTests.Register_ShouldCreateUser_WithNakshatraAndDOB" computerName="PIC4100" duration="00:00:00.7232756" startTime="2025-09-27T13:15:16.9185247+05:30" endTime="2025-09-27T13:15:16.9185251+05:30" testType="13cdc9d9-ddb5-4fa4-a97d-d965ccfc6d4b" outcome="Passed" testListId="8c84fa94-04c1-424b-9868-57a2d4851a1d" relativeResultsDirectory="f607db71-cfc5-4c2f-a461-3864bd10bc3f" />
    <UnitTestResult executionId="5431b208-c855-4e6d-b522-ae7b2e955367" testId="be9e8e27-d066-8971-4999-fdebb760fd44" testName="TempleApi.Tests.AuthenticationFeatureTests.Register_ShouldHandleNull_NakshatraAndDOB" computerName="PIC4100" duration="00:00:00.0123587" startTime="2025-09-27T13:15:17.4016966+05:30" endTime="2025-09-27T13:15:17.4016968+05:30" testType="13cdc9d9-ddb5-4fa4-a97d-d965ccfc6d4b" outcome="Passed" testListId="8c84fa94-04c1-424b-9868-57a2d4851a1d" relativeResultsDirectory="5431b208-c855-4e6d-b522-ae7b2e955367" />
    <UnitTestResult executionId="0bd29afb-0eb9-4818-98a4-54cb9e4179a6" testId="b3554229-9d35-65bf-8bb1-b6a89ee0126e" testName="TempleApi.Tests.AuthenticationTests.BasicAuthenticationHandler_ShouldFail_WithUnverifiedUser" computerName="PIC4100" duration="00:00:00.3982802" startTime="2025-09-27T13:15:16.5800139+05:30" endTime="2025-09-27T13:15:16.5800140+05:30" testType="13cdc9d9-ddb5-4fa4-a97d-d965ccfc6d4b" outcome="Passed" testListId="8c84fa94-04c1-424b-9868-57a2d4851a1d" relativeResultsDirectory="0bd29afb-0eb9-4818-98a4-54cb9e4179a6" />
    <UnitTestResult executionId="563ba7ff-3348-4d26-819e-56425581408b" testId="2f096ac3-43b8-4a1c-4d0a-447d6dd81057" testName="TempleApi.Tests.AuthenticationIntegrationTests.Verify_ShouldActivateUser_WithValidCode" computerName="PIC4100" duration="00:00:01.5779063" startTime="2025-09-27T13:15:51.5489913+05:30" endTime="2025-09-27T13:15:51.5489918+05:30" testType="13cdc9d9-ddb5-4fa4-a97d-d965ccfc6d4b" outcome="Failed" testListId="8c84fa94-04c1-424b-9868-57a2d4851a1d" relativeResultsDirectory="563ba7ff-3348-4d26-819e-56425581408b">
      <Output>
        <ErrorInfo>
          <Message>Expected response.StatusCode to be HttpStatusCode.OK {value: 200}, but found HttpStatusCode.BadRequest {value: 400}.</Message>
          <StackTrace>   at FluentAssertions.Execution.XUnit2TestFramework.Throw(String message)&#xD;
   at FluentAssertions.Execution.TestFrameworkProvider.Throw(String message)&#xD;
   at FluentAssertions.Execution.DefaultAssertionStrategy.HandleFailure(String message)&#xD;
   at FluentAssertions.Execution.AssertionScope.FailWith(Func`1 failReasonFunc)&#xD;
   at FluentAssertions.Execution.AssertionScope.FailWith(Func`1 failReasonFunc)&#xD;
   at FluentAssertions.Execution.AssertionScope.FailWith(String message, Object[] args)&#xD;
   at FluentAssertions.Primitives.EnumAssertions`2.Be(TEnum expected, String because, Object[] becauseArgs)&#xD;
   at TempleApi.Tests.AuthenticationIntegrationTests.Verify_ShouldActivateUser_WithValidCode() in D:\prasanth\Personal\source\temple\temple-management-app\temple-api\Tests\AuthenticationIntegrationTests.cs:line 339&#xD;
--- End of stack trace from previous location ---</StackTrace>
        </ErrorInfo>
      </Output>
    </UnitTestResult>
    <UnitTestResult executionId="b20d4731-b4c8-49fb-85a0-8e557060587f" testId="cd22b392-def2-c198-4b3f-0dbf22e6813f" testName="TempleApi.Tests.SaleServiceTests.DeleteSaleAsync_ShouldDeleteSaleAndRestoreInventory_WhenSaleExists" computerName="PIC4100" duration="00:00:00.0228201" startTime="2025-09-27T13:15:17.5829411+05:30" endTime="2025-09-27T13:15:17.5829414+05:30" testType="13cdc9d9-ddb5-4fa4-a97d-d965ccfc6d4b" outcome="Passed" testListId="8c84fa94-04c1-424b-9868-57a2d4851a1d" relativeResultsDirectory="b20d4731-b4c8-49fb-85a0-8e557060587f" />
    <UnitTestResult executionId="9472ca7a-5c76-45db-8e06-cbe4f6d98d5a" testId="c558154f-7a17-0aaa-62d8-c3634079f843" testName="TempleApi.Tests.PoojaServiceTests.GetPoojaByIdAsync_ShouldReturnNull_WhenPoojaDoesNotExist" computerName="PIC4100" duration="00:00:00.0498113" startTime="2025-09-27T13:15:16.0951236+05:30" endTime="2025-09-27T13:15:16.0951241+05:30" testType="13cdc9d9-ddb5-4fa4-a97d-d965ccfc6d4b" outcome="Passed" testListId="8c84fa94-04c1-424b-9868-57a2d4851a1d" relativeResultsDirectory="9472ca7a-5c76-45db-8e06-cbe4f6d98d5a" />
    <UnitTestResult executionId="6fbaa13c-6040-47c0-8d53-650bd6d6fcb2" testId="92630f08-d19b-ebba-ffa7-340a1b14080a" testName="TempleApi.Tests.CategoryServiceTests.CreateCategoryAsync_ShouldValidate_DescriptionMaxLength" computerName="PIC4100" duration="00:00:00.1026133" startTime="2025-09-27T13:15:17.4826731+05:30" endTime="2025-09-27T13:15:17.4826734+05:30" testType="13cdc9d9-ddb5-4fa4-a97d-d965ccfc6d4b" outcome="Passed" testListId="8c84fa94-04c1-424b-9868-57a2d4851a1d" relativeResultsDirectory="6fbaa13c-6040-47c0-8d53-650bd6d6fcb2" />
    <UnitTestResult executionId="17292f69-174f-4e2e-a8f1-9d85920a57bd" testId="c759a6db-b36b-c529-dd5d-087380a41a37" testName="TempleApi.Tests.ProductServiceTests.CheckProductAvailabilityAsync_ShouldReturnFalse_WhenProductIsInactive" computerName="PIC4100" duration="00:00:00.0048636" startTime="2025-09-27T13:15:17.0466836+05:30" endTime="2025-09-27T13:15:17.0466838+05:30" testType="13cdc9d9-ddb5-4fa4-a97d-d965ccfc6d4b" outcome="Passed" testListId="8c84fa94-04c1-424b-9868-57a2d4851a1d" relativeResultsDirectory="17292f69-174f-4e2e-a8f1-9d85920a57bd" />
    <UnitTestResult executionId="27e27b08-7d5f-40ab-8da7-00eac7d76561" testId="b1c812f8-3f84-d854-8bfe-0e4e8246f94e" testName="TempleApi.Tests.PoojaServiceTests.DeletePoojaAsync_ShouldDeactivatePooja_WhenPoojaExists" computerName="PIC4100" duration="00:00:03.3630246" startTime="2025-09-27T13:15:15.8993600+05:30" endTime="2025-09-27T13:15:15.8993607+05:30" testType="13cdc9d9-ddb5-4fa4-a97d-d965ccfc6d4b" outcome="Passed" testListId="8c84fa94-04c1-424b-9868-57a2d4851a1d" relativeResultsDirectory="27e27b08-7d5f-40ab-8da7-00eac7d76561" />
    <UnitTestResult executionId="c965d9a0-6e89-410a-812a-889427bcc7cf" testId="c4ac6931-e843-1030-3143-fc0def200171" testName="TempleApi.Tests.TempleServiceTests.DeleteTempleAsync_ShouldReturnFalse_WhenNotFound" computerName="PIC4100" duration="00:00:00.0896414" startTime="2025-09-27T13:15:17.0727614+05:30" endTime="2025-09-27T13:15:17.0727622+05:30" testType="13cdc9d9-ddb5-4fa4-a97d-d965ccfc6d4b" outcome="Passed" testListId="8c84fa94-04c1-424b-9868-57a2d4851a1d" relativeResultsDirectory="c965d9a0-6e89-410a-812a-889427bcc7cf" />
    <UnitTestResult executionId="13f36837-3b2f-4a2b-90d7-606cb8d4d6b8" testId="af8b8168-a37c-3800-679f-c562b5178824" testName="TempleApi.Tests.AuthenticationIntegrationTests.UsersMe_Get_ShouldReturnUnauthorizedWithoutAuth" computerName="PIC4100" duration="00:00:01.4318183" startTime="2025-09-27T13:15:35.2178961+05:30" endTime="2025-09-27T13:15:35.2178964+05:30" testType="13cdc9d9-ddb5-4fa4-a97d-d965ccfc6d4b" outcome="Passed" testListId="8c84fa94-04c1-424b-9868-57a2d4851a1d" relativeResultsDirectory="13f36837-3b2f-4a2b-90d7-606cb8d4d6b8" />
    <UnitTestResult executionId="7571145f-5252-4ead-b331-2ccc7c042616" testId="c3ea3489-98da-e412-c7e5-f68c3951beb7" testName="TempleApi.Tests.EventExpenseServiceTests.CreateEventExpenseAsync_ShouldCreateEventExpense_WhenValidData" computerName="PIC4100" duration="00:00:00.0859706" startTime="2025-09-27T13:15:13.0298612+05:30" endTime="2025-09-27T13:15:13.0298616+05:30" testType="13cdc9d9-ddb5-4fa4-a97d-d965ccfc6d4b" outcome="Passed" testListId="8c84fa94-04c1-424b-9868-57a2d4851a1d" relativeResultsDirectory="7571145f-5252-4ead-b331-2ccc7c042616" />
    <UnitTestResult executionId="164791c0-1ca2-4753-8d12-ad95cfc6adaa" testId="5f328188-82d4-9f08-039e-aa91bb77e231" testName="TempleApi.Tests.SaleServiceTests.DeleteSaleAsync_ShouldReturnFalse_WhenSaleDoesNotExist" computerName="PIC4100" duration="00:00:00.0095046" startTime="2025-09-27T13:15:17.5455789+05:30" endTime="2025-09-27T13:15:17.5455793+05:30" testType="13cdc9d9-ddb5-4fa4-a97d-d965ccfc6d4b" outcome="Passed" testListId="8c84fa94-04c1-424b-9868-57a2d4851a1d" relativeResultsDirectory="164791c0-1ca2-4753-8d12-ad95cfc6adaa" />
    <UnitTestResult executionId="5397d3c9-525d-4d53-a04d-dcbb55a33cb7" testId="d023fb5f-0bb6-cf66-973e-616cfac03ce5" testName="TempleApi.Tests.PoojaBookingServiceTests.AssignStaffToBookingAsync_ShouldThrow_WhenBookingNotFound" computerName="PIC4100" duration="00:00:00.0090815" startTime="2025-09-27T13:15:18.3951804+05:30" endTime="2025-09-27T13:15:18.3951812+05:30" testType="13cdc9d9-ddb5-4fa4-a97d-d965ccfc6d4b" outcome="Passed" testListId="8c84fa94-04c1-424b-9868-57a2d4851a1d" relativeResultsDirectory="5397d3c9-525d-4d53-a04d-dcbb55a33cb7" />
    <UnitTestResult executionId="00ad5d65-af7b-4a97-997a-32fb41b3d18a" testId="352c82e1-fd73-6ea6-4c15-ce4482eee7be" testName="TempleApi.Tests.DevoteeServiceTests.UpdateDevoteeAsync_ShouldUpdate_WhenExists" computerName="PIC4100" duration="00:00:00.0110848" startTime="2025-09-27T13:15:16.9074538+05:30" endTime="2025-09-27T13:15:16.9074545+05:30" testType="13cdc9d9-ddb5-4fa4-a97d-d965ccfc6d4b" outcome="Passed" testListId="8c84fa94-04c1-424b-9868-57a2d4851a1d" relativeResultsDirectory="00ad5d65-af7b-4a97-997a-32fb41b3d18a" />
    <UnitTestResult executionId="fe55334d-f4cf-4e41-bdaf-b6e1cd2dbf46" testId="0cb870eb-52e9-0ac4-540f-a726af3b0d96" testName="TempleApi.Tests.ProductServiceTests.CreateProductAsync_ShouldCreateInactiveProduct_WhenStatusIsInactive" computerName="PIC4100" duration="00:00:00.0140765" startTime="2025-09-27T13:15:17.0470398+05:30" endTime="2025-09-27T13:15:17.0470399+05:30" testType="13cdc9d9-ddb5-4fa4-a97d-d965ccfc6d4b" outcome="Passed" testListId="8c84fa94-04c1-424b-9868-57a2d4851a1d" relativeResultsDirectory="fe55334d-f4cf-4e41-bdaf-b6e1cd2dbf46" />
    <UnitTestResult executionId="6b36a809-bf15-48b6-b0ac-fc41a7f5286e" testId="b1bc0a56-2028-9c0a-17d9-245b2fce2b4b" testName="TempleApi.Tests.AuthenticationTests.AuthService_RegisterAsync_ShouldHandleNullOptionalFields" computerName="PIC4100" duration="00:00:00.2389557" startTime="2025-09-27T13:15:16.8181624+05:30" endTime="2025-09-27T13:15:16.8181627+05:30" testType="13cdc9d9-ddb5-4fa4-a97d-d965ccfc6d4b" outcome="Passed" testListId="8c84fa94-04c1-424b-9868-57a2d4851a1d" relativeResultsDirectory="6b36a809-bf15-48b6-b0ac-fc41a7f5286e" />
    <UnitTestResult executionId="fc7688d2-f728-4b58-a956-aa2979b4b877" testId="180d2e31-adff-5530-fc77-2e16c477b01c" testName="TempleApi.Tests.DonationServiceTests.UpdateDonationStatusAsync_ShouldUpdateStatus_WhenExists" computerName="PIC4100" duration="00:00:00.0418260" startTime="2025-09-27T13:15:16.9808317+05:30" endTime="2025-09-27T13:15:16.9808319+05:30" testType="13cdc9d9-ddb5-4fa4-a97d-d965ccfc6d4b" outcome="Passed" testListId="8c84fa94-04c1-424b-9868-57a2d4851a1d" relativeResultsDirectory="fc7688d2-f728-4b58-a956-aa2979b4b877" />
    <UnitTestResult executionId="d2a86f89-e49c-4524-913a-53ff348bcdd0" testId="5c7725c4-5cf3-ee33-7cdd-4a31a718ae5f" testName="TempleApi.Tests.DonationServiceTests.CreateDonationAsync_ShouldCreateDonation_Anonymous" computerName="PIC4100" duration="00:00:00.0040476" startTime="2025-09-27T13:15:16.6503787+05:30" endTime="2025-09-27T13:15:16.6503790+05:30" testType="13cdc9d9-ddb5-4fa4-a97d-d965ccfc6d4b" outcome="Passed" testListId="8c84fa94-04c1-424b-9868-57a2d4851a1d" relativeResultsDirectory="d2a86f89-e49c-4524-913a-53ff348bcdd0" />
    <UnitTestResult executionId="bfbbecad-02b8-4029-879c-e6ccbdd1449d" testId="91e355de-5779-d964-23b1-71a866fe4279" testName="TempleApi.Tests.DevoteeServiceTests.GetDevoteeByIdAsync_ShouldReturnNull_WhenNotFound" computerName="PIC4100" duration="00:00:03.4998030" startTime="2025-09-27T13:15:16.0395842+05:30" endTime="2025-09-27T13:15:16.0395844+05:30" testType="13cdc9d9-ddb5-4fa4-a97d-d965ccfc6d4b" outcome="Passed" testListId="8c84fa94-04c1-424b-9868-57a2d4851a1d" relativeResultsDirectory="bfbbecad-02b8-4029-879c-e6ccbdd1449d" />
    <UnitTestResult executionId="476f5405-f01d-47d6-8db1-9536ae7d9574" testId="c93aca7a-3ed9-4956-e74e-5d0bd23295d1" testName="TempleApi.Tests.TempleServiceTests.GetTempleByIdAsync_ShouldReturnNull_WhenTempleDoesNotExist" computerName="PIC4100" duration="00:00:00.2336301" startTime="2025-09-27T13:15:16.8673825+05:30" endTime="2025-09-27T13:15:16.8673829+05:30" testType="13cdc9d9-ddb5-4fa4-a97d-d965ccfc6d4b" outcome="Passed" testListId="8c84fa94-04c1-424b-9868-57a2d4851a1d" relativeResultsDirectory="476f5405-f01d-47d6-8db1-9536ae7d9574" />
    <UnitTestResult executionId="206eaf50-445f-46e9-8e8b-9abe61bc6068" testId="381a6e3a-5a0d-2059-7f7c-ca876cb7ca03" testName="TempleApi.Tests.UserServiceTests.GetUserByEmailAsync_ShouldReturnNull_WhenUserDoesNotExist" computerName="PIC4100" duration="00:00:00.0027940" startTime="2025-09-27T13:15:17.6328386+05:30" endTime="2025-09-27T13:15:17.6328388+05:30" testType="13cdc9d9-ddb5-4fa4-a97d-d965ccfc6d4b" outcome="Passed" testListId="8c84fa94-04c1-424b-9868-57a2d4851a1d" relativeResultsDirectory="206eaf50-445f-46e9-8e8b-9abe61bc6068" />
    <UnitTestResult executionId="fe2621ae-9b4b-4d6e-b518-7b8c6edb355a" testId="b025220a-46ad-8c20-46df-17ea443acfdb" testName="TempleApi.Tests.EventServiceTests.UpdateEventAsync_ShouldReturnNull_WhenNotFound" computerName="PIC4100" duration="00:00:00.0396477" startTime="2025-09-27T13:15:17.2148878+05:30" endTime="2025-09-27T13:15:17.2148879+05:30" testType="13cdc9d9-ddb5-4fa4-a97d-d965ccfc6d4b" outcome="Passed" testListId="8c84fa94-04c1-424b-9868-57a2d4851a1d" relativeResultsDirectory="fe2621ae-9b4b-4d6e-b518-7b8c6edb355a" />
    <UnitTestResult executionId="ac40bfa0-5460-455f-a147-a192a06ed02a" testId="1a8857a6-51a1-b070-393d-9735c211d32c" testName="TempleApi.Tests.SaleServiceTests.GetSalesByStaffAsync_ShouldReturnStaffSales" computerName="PIC4100" duration="00:00:00.0066920" startTime="2025-09-27T13:15:17.6473924+05:30" endTime="2025-09-27T13:15:17.6473930+05:30" testType="13cdc9d9-ddb5-4fa4-a97d-d965ccfc6d4b" outcome="Passed" testListId="8c84fa94-04c1-424b-9868-57a2d4851a1d" relativeResultsDirectory="ac40bfa0-5460-455f-a147-a192a06ed02a" />
    <UnitTestResult executionId="0d1ab35c-31e4-4540-8c1c-0db1330eb89e" testId="20809f28-9cf3-3437-524f-fa0d1d9d2e5b" testName="TempleApi.Tests.SortingTests.SearchTemplesAsync_ReturnsResultsInDescendingOrder" computerName="PIC4100" duration="00:00:00.0517571" startTime="2025-09-27T13:15:16.7490276+05:30" endTime="2025-09-27T13:15:16.7490282+05:30" testType="13cdc9d9-ddb5-4fa4-a97d-d965ccfc6d4b" outcome="Passed" testListId="8c84fa94-04c1-424b-9868-57a2d4851a1d" relativeResultsDirectory="0d1ab35c-31e4-4540-8c1c-0db1330eb89e" />
    <UnitTestResult executionId="828853fd-9667-4a23-be26-5840f7f1ed5f" testId="79802dd2-d825-cdbd-2271-f75874229944" testName="TempleApi.Tests.AuthenticationIntegrationTests.GetPermissions_ShouldReturnUserPermissions_WithValidAuth" computerName="PIC4100" duration="00:00:01.0179278" startTime="2025-09-27T13:15:54.0787224+05:30" endTime="2025-09-27T13:15:54.0787226+05:30" testType="13cdc9d9-ddb5-4fa4-a97d-d965ccfc6d4b" outcome="Failed" testListId="8c84fa94-04c1-424b-9868-57a2d4851a1d" relativeResultsDirectory="828853fd-9667-4a23-be26-5840f7f1ed5f">
      <Output>
        <ErrorInfo>
          <Message>Expected response.StatusCode to be HttpStatusCode.OK {value: 200}, but found HttpStatusCode.Unauthorized {value: 401}.</Message>
          <StackTrace>   at FluentAssertions.Execution.XUnit2TestFramework.Throw(String message)&#xD;
   at FluentAssertions.Execution.TestFrameworkProvider.Throw(String message)&#xD;
   at FluentAssertions.Execution.DefaultAssertionStrategy.HandleFailure(String message)&#xD;
   at FluentAssertions.Execution.AssertionScope.FailWith(Func`1 failReasonFunc)&#xD;
   at FluentAssertions.Execution.AssertionScope.FailWith(Func`1 failReasonFunc)&#xD;
   at FluentAssertions.Execution.AssertionScope.FailWith(String message, Object[] args)&#xD;
   at FluentAssertions.Primitives.EnumAssertions`2.Be(TEnum expected, String because, Object[] becauseArgs)&#xD;
   at TempleApi.Tests.AuthenticationIntegrationTests.GetPermissions_ShouldReturnUserPermissions_WithValidAuth() in D:\prasanth\Personal\source\temple\temple-management-app\temple-api\Tests\AuthenticationIntegrationTests.cs:line 226&#xD;
--- End of stack trace from previous location ---</StackTrace>
        </ErrorInfo>
      </Output>
    </UnitTestResult>
    <UnitTestResult executionId="55730ff1-4677-46a7-9866-c65cd282e84d" testId="82ce313c-f1e0-c2db-606d-2888a88e6cee" testName="TempleApi.Tests.AuthenticationTests.AuthService_RegisterAsync_ShouldFail_WithTooLongPhone" computerName="PIC4100" duration="00:00:00.1302187" startTime="2025-09-27T13:15:16.1808456+05:30" endTime="2025-09-27T13:15:16.1808460+05:30" testType="13cdc9d9-ddb5-4fa4-a97d-d965ccfc6d4b" outcome="Passed" testListId="8c84fa94-04c1-424b-9868-57a2d4851a1d" relativeResultsDirectory="55730ff1-4677-46a7-9866-c65cd282e84d" />
    <UnitTestResult executionId="50f28df0-fe52-40ee-b5de-819ca708912f" testId="d20bb350-cca3-bb21-b73a-f6b4af2aac6a" testName="TempleApi.Tests.CategoryServiceTests.CreateCategoryAsync_ShouldValidate_SortOrderNonNegative" computerName="PIC4100" duration="00:00:00.0045160" startTime="2025-09-27T13:15:17.6709561+05:30" endTime="2025-09-27T13:15:17.6709576+05:30" testType="13cdc9d9-ddb5-4fa4-a97d-d965ccfc6d4b" outcome="Passed" testListId="8c84fa94-04c1-424b-9868-57a2d4851a1d" relativeResultsDirectory="50f28df0-fe52-40ee-b5de-819ca708912f" />
    <UnitTestResult executionId="fbb495ee-e599-4522-8741-2d10c206bccd" testId="e01ab663-f8f3-514b-a616-06e6f0f0d251" testName="TempleApi.Tests.SaleServiceTests.GetAllSalesAsync_ShouldReturnAllSales" computerName="PIC4100" duration="00:00:00.0053901" startTime="2025-09-27T13:15:17.5511085+05:30" endTime="2025-09-27T13:15:17.5511090+05:30" testType="13cdc9d9-ddb5-4fa4-a97d-d965ccfc6d4b" outcome="Passed" testListId="8c84fa94-04c1-424b-9868-57a2d4851a1d" relativeResultsDirectory="fbb495ee-e599-4522-8741-2d10c206bccd" />
    <UnitTestResult executionId="e410e6e1-efec-4e7f-9ee7-5271a3af0f36" testId="4c3eb3c5-4896-64ea-2f8f-fee82287c95d" testName="TempleApi.Tests.PoojaBookingServiceTests.GetAllBookingsAsync_ShouldReturnOnlyActiveBookings" computerName="PIC4100" duration="00:00:00.1440192" startTime="2025-09-27T13:15:17.9778703+05:30" endTime="2025-09-27T13:15:17.9778712+05:30" testType="13cdc9d9-ddb5-4fa4-a97d-d965ccfc6d4b" outcome="Passed" testListId="8c84fa94-04c1-424b-9868-57a2d4851a1d" relativeResultsDirectory="e410e6e1-efec-4e7f-9ee7-5271a3af0f36" />
    <UnitTestResult executionId="df627abb-1b8a-4761-b097-f0b1056d1572" testId="91b87b7e-3904-e3f6-94cc-1afc4d71b3f3" testName="TempleApi.Tests.TempleServiceTests.UpdateTempleAsync_ShouldReturnNull_WhenNotFound" computerName="PIC4100" duration="00:00:00.0058897" startTime="2025-09-27T13:15:17.0808684+05:30" endTime="2025-09-27T13:15:17.0808687+05:30" testType="13cdc9d9-ddb5-4fa4-a97d-d965ccfc6d4b" outcome="Passed" testListId="8c84fa94-04c1-424b-9868-57a2d4851a1d" relativeResultsDirectory="df627abb-1b8a-4761-b097-f0b1056d1572" />
    <UnitTestResult executionId="fea02d8f-542f-47c7-8fcb-6757b48f682a" testId="1372f59a-5854-811b-17e0-28fa95f4366d" testName="TempleApi.Tests.UserServiceTests.ResetPasswordAsync_ShouldThrow_WhenUserNotFound" computerName="PIC4100" duration="00:00:00.0246163" startTime="2025-09-27T13:15:17.4894121+05:30" endTime="2025-09-27T13:15:17.4894125+05:30" testType="13cdc9d9-ddb5-4fa4-a97d-d965ccfc6d4b" outcome="Passed" testListId="8c84fa94-04c1-424b-9868-57a2d4851a1d" relativeResultsDirectory="fea02d8f-542f-47c7-8fcb-6757b48f682a" />
    <UnitTestResult executionId="027c13c7-9bd7-4672-9b9b-eb8daa18e6b6" testId="e76015ad-4560-f322-0bb5-8daef7b0124f" testName="TempleApi.Tests.SaleServiceTests.CreateSaleAsync_ShouldThrowException_WhenProductNotAvailable" computerName="PIC4100" duration="00:00:00.0268157" startTime="2025-09-27T13:15:17.4830371+05:30" endTime="2025-09-27T13:15:17.4830373+05:30" testType="13cdc9d9-ddb5-4fa4-a97d-d965ccfc6d4b" outcome="Passed" testListId="8c84fa94-04c1-424b-9868-57a2d4851a1d" relativeResultsDirectory="027c13c7-9bd7-4672-9b9b-eb8daa18e6b6" />
    <UnitTestResult executionId="a7d22fd5-0a17-44b9-9c63-289e4cb45c3a" testId="c3eff8c0-032f-e47c-f64c-6712d4e4a96e" testName="TempleApi.Tests.AuthenticationTests.BasicAuthenticationHandler_ShouldAuthenticate_WithEmail" computerName="PIC4100" duration="00:00:00.0259801" startTime="2025-09-27T13:15:17.3494651+05:30" endTime="2025-09-27T13:15:17.3494656+05:30" testType="13cdc9d9-ddb5-4fa4-a97d-d965ccfc6d4b" outcome="Passed" testListId="8c84fa94-04c1-424b-9868-57a2d4851a1d" relativeResultsDirectory="a7d22fd5-0a17-44b9-9c63-289e4cb45c3a" />
    <UnitTestResult executionId="45da92cf-7f82-41c5-9cb0-ac9021b86c51" testId="7c29086b-559c-cd42-5577-408a9afe0b47" testName="TempleApi.Tests.ProductServiceTests.CheckProductAvailabilityAsync_ShouldReturnTrue_WhenProductHasEnoughQuantity" computerName="PIC4100" duration="00:00:03.5991502" startTime="2025-09-27T13:15:16.1349955+05:30" endTime="2025-09-27T13:15:16.1349957+05:30" testType="13cdc9d9-ddb5-4fa4-a97d-d965ccfc6d4b" outcome="Passed" testListId="8c84fa94-04c1-424b-9868-57a2d4851a1d" relativeResultsDirectory="45da92cf-7f82-41c5-9cb0-ac9021b86c51" />
    <UnitTestResult executionId="2996b116-989f-4d73-8473-4823ce74ac62" testId="2fbd0562-8a53-f615-e1ab-6f7174f59fff" testName="TempleApi.Tests.DevoteeServiceTests.GetDevoteeByIdAsync_ShouldReturnDevotee_WhenExists" computerName="PIC4100" duration="00:00:00.0295515" startTime="2025-09-27T13:15:17.0448062+05:30" endTime="2025-09-27T13:15:17.0448083+05:30" testType="13cdc9d9-ddb5-4fa4-a97d-d965ccfc6d4b" outcome="Passed" testListId="8c84fa94-04c1-424b-9868-57a2d4851a1d" relativeResultsDirectory="2996b116-989f-4d73-8473-4823ce74ac62" />
    <UnitTestResult executionId="0b427413-6e69-42cd-8995-97212b6af205" testId="f7302d4d-e862-46e0-7497-e5e2c430e743" testName="TempleApi.Tests.AuthenticationTests.BasicAuthenticationHandler_ShouldAuthenticate_WithValidCredentials" computerName="PIC4100" duration="00:00:00.0154424" startTime="2025-09-27T13:15:17.5504909+05:30" endTime="2025-09-27T13:15:17.5504913+05:30" testType="13cdc9d9-ddb5-4fa4-a97d-d965ccfc6d4b" outcome="Passed" testListId="8c84fa94-04c1-424b-9868-57a2d4851a1d" relativeResultsDirectory="0b427413-6e69-42cd-8995-97212b6af205" />
    <UnitTestResult executionId="39ec3ab7-e330-4068-8ad2-0d16edff7252" testId="900b65c5-4711-ff3f-0810-d7e45ef37999" testName="TempleApi.Tests.ProductServiceTests.UpdateProductStatusAsync_ShouldUpdateStatus_WhenProductExists" computerName="PIC4100" duration="00:00:00.1124999" startTime="2025-09-27T13:15:16.8235725+05:30" endTime="2025-09-27T13:15:16.8235728+05:30" testType="13cdc9d9-ddb5-4fa4-a97d-d965ccfc6d4b" outcome="Passed" testListId="8c84fa94-04c1-424b-9868-57a2d4851a1d" relativeResultsDirectory="39ec3ab7-e330-4068-8ad2-0d16edff7252" />
    <UnitTestResult executionId="d92392af-c397-4824-a498-987f8f4b2026" testId="d81b7279-93bf-d67f-51a0-a629cb3493ad" testName="TempleApi.Tests.PoojaBookingServiceTests.DeleteBookingAsync_ShouldDeactivateBooking_WhenBookingExists" computerName="PIC4100" duration="00:00:00.0042758" startTime="2025-09-27T13:15:18.1316033+05:30" endTime="2025-09-27T13:15:18.1316037+05:30" testType="13cdc9d9-ddb5-4fa4-a97d-d965ccfc6d4b" outcome="Passed" testListId="8c84fa94-04c1-424b-9868-57a2d4851a1d" relativeResultsDirectory="d92392af-c397-4824-a498-987f8f4b2026" />
    <UnitTestResult executionId="2b7f362b-cc9b-4de0-8292-4be84568c782" testId="63863f5b-4178-0069-8865-1e7f3a9bc85f" testName="TempleApi.Tests.TempleServiceTests.GetTemplesByLocationAsync_ShouldFilterByCityAndOptionalState" computerName="PIC4100" duration="00:00:00.0893781" startTime="2025-09-27T13:15:17.1816160+05:30" endTime="2025-09-27T13:15:17.1816163+05:30" testType="13cdc9d9-ddb5-4fa4-a97d-d965ccfc6d4b" outcome="Passed" testListId="8c84fa94-04c1-424b-9868-57a2d4851a1d" relativeResultsDirectory="2b7f362b-cc9b-4de0-8292-4be84568c782" />
    <UnitTestResult executionId="26c5070f-480b-482d-825f-bcd2fde19385" testId="dd151a23-2f73-bd6a-29f0-a2e88eb55652" testName="TempleApi.Tests.PoojaServiceTests.UpdatePoojaAsync_ShouldThrowException_WhenPoojaDoesNotExist" computerName="PIC4100" duration="00:00:00.0162144" startTime="2025-09-27T13:15:16.1349456+05:30" endTime="2025-09-27T13:15:16.1349460+05:30" testType="13cdc9d9-ddb5-4fa4-a97d-d965ccfc6d4b" outcome="Passed" testListId="8c84fa94-04c1-424b-9868-57a2d4851a1d" relativeResultsDirectory="26c5070f-480b-482d-825f-bcd2fde19385" />
    <UnitTestResult executionId="51284ed5-b9ef-44b7-8c8c-64d1d60d4407" testId="3d4c171f-0e84-2082-e391-55f1c7c5a6bb" testName="TempleApi.Tests.AuthenticationIntegrationTests.UsersMe_Put_ShouldUpdateProfile" computerName="PIC4100" duration="00:00:01.0259069" startTime="2025-09-27T13:15:40.0907522+05:30" endTime="2025-09-27T13:15:40.0907528+05:30" testType="13cdc9d9-ddb5-4fa4-a97d-d965ccfc6d4b" outcome="Failed" testListId="8c84fa94-04c1-424b-9868-57a2d4851a1d" relativeResultsDirectory="51284ed5-b9ef-44b7-8c8c-64d1d60d4407">
      <Output>
        <ErrorInfo>
          <Message>Expected response.StatusCode to be HttpStatusCode.OK {value: 200}, but found HttpStatusCode.Unauthorized {value: 401}.</Message>
          <StackTrace>   at FluentAssertions.Execution.XUnit2TestFramework.Throw(String message)&#xD;
   at FluentAssertions.Execution.TestFrameworkProvider.Throw(String message)&#xD;
   at FluentAssertions.Execution.DefaultAssertionStrategy.HandleFailure(String message)&#xD;
   at FluentAssertions.Execution.AssertionScope.FailWith(Func`1 failReasonFunc)&#xD;
   at FluentAssertions.Execution.AssertionScope.FailWith(Func`1 failReasonFunc)&#xD;
   at FluentAssertions.Execution.AssertionScope.FailWith(String message, Object[] args)&#xD;
   at FluentAssertions.Primitives.EnumAssertions`2.Be(TEnum expected, String because, Object[] becauseArgs)&#xD;
   at TempleApi.Tests.AuthenticationIntegrationTests.UsersMe_Put_ShouldUpdateProfile() in D:\prasanth\Personal\source\temple\temple-management-app\temple-api\Tests\AuthenticationIntegrationTests.cs:line 428&#xD;
--- End of stack trace from previous location ---</StackTrace>
        </ErrorInfo>
      </Output>
    </UnitTestResult>
    <UnitTestResult executionId="6789329b-2feb-4b66-a9e6-76a38c274583" testId="4afced7b-7914-d191-9fea-f9ba5ed1b596" testName="TempleApi.Tests.PoojaBookingServiceTests.CreateBookingAsync_ShouldThrowException_WhenCustomerDoesNotExist" computerName="PIC4100" duration="00:00:00.0081994" startTime="2025-09-27T13:15:18.1271824+05:30" endTime="2025-09-27T13:15:18.1271856+05:30" testType="13cdc9d9-ddb5-4fa4-a97d-d965ccfc6d4b" outcome="Passed" testListId="8c84fa94-04c1-424b-9868-57a2d4851a1d" relativeResultsDirectory="6789329b-2feb-4b66-a9e6-76a38c274583" />
    <UnitTestResult executionId="f668c817-ee19-408a-b159-2f6f2f72e3d4" testId="68861163-2e52-ed9f-c2fd-e97261c6923d" testName="TempleApi.Tests.AuthenticationFeatureTests.Login_ShouldFail_ForUnverifiedUser" computerName="PIC4100" duration="00:00:00.0123308" startTime="2025-09-27T13:15:17.2148375+05:30" endTime="2025-09-27T13:15:17.2148379+05:30" testType="13cdc9d9-ddb5-4fa4-a97d-d965ccfc6d4b" outcome="Passed" testListId="8c84fa94-04c1-424b-9868-57a2d4851a1d" relativeResultsDirectory="f668c817-ee19-408a-b159-2f6f2f72e3d4" />
    <UnitTestResult executionId="b462310e-c0f5-461e-9bfc-de6d2cd7490b" testId="1cfb9b11-15ef-a42f-0471-9113184838cf" testName="TempleApi.Tests.ProductServiceTests.CheckProductAvailabilityAsync_ShouldReturnFalse_WhenProductHasInsufficientQuantity" computerName="PIC4100" duration="00:00:00.0089544" startTime="2025-09-27T13:15:16.7103335+05:30" endTime="2025-09-27T13:15:16.7103341+05:30" testType="13cdc9d9-ddb5-4fa4-a97d-d965ccfc6d4b" outcome="Passed" testListId="8c84fa94-04c1-424b-9868-57a2d4851a1d" relativeResultsDirectory="b462310e-c0f5-461e-9bfc-de6d2cd7490b" />
    <UnitTestResult executionId="de5cdf44-b6bc-4341-ba09-dbd580ae0f59" testId="af3d53e6-f8d8-f6b9-1571-a054bf07be27" testName="TempleApi.Tests.UserManagementFeatureTests.UpdateUser_ShouldClear_NakshatraAndDOB_WhenNull" computerName="PIC4100" duration="00:00:00.0068365" startTime="2025-09-27T13:15:17.2938359+05:30" endTime="2025-09-27T13:15:17.2938379+05:30" testType="13cdc9d9-ddb5-4fa4-a97d-d965ccfc6d4b" outcome="Passed" testListId="8c84fa94-04c1-424b-9868-57a2d4851a1d" relativeResultsDirectory="de5cdf44-b6bc-4341-ba09-dbd580ae0f59" />
    <UnitTestResult executionId="bcba5785-7cc7-4a74-bb25-f68c5b543171" testId="601f5f0d-9451-8057-8b2d-cd1fcf2f20fc" testName="TempleApi.Tests.SaleServiceTests.UpdateSaleAsync_ShouldThrowException_WhenSaleDoesNotExist" computerName="PIC4100" duration="00:00:00.0184275" startTime="2025-09-27T13:15:17.4248564+05:30" endTime="2025-09-27T13:15:17.4248572+05:30" testType="13cdc9d9-ddb5-4fa4-a97d-d965ccfc6d4b" outcome="Passed" testListId="8c84fa94-04c1-424b-9868-57a2d4851a1d" relativeResultsDirectory="bcba5785-7cc7-4a74-bb25-f68c5b543171" />
    <UnitTestResult executionId="f355d79b-b461-46b4-ba6d-3a5b8128590a" testId="87f6752c-a0fd-bb45-9516-aaba68c313e6" testName="TempleApi.Tests.CategoryServiceTests.CreateCategoryAsync_ShouldThrow_WhenDuplicateName" computerName="PIC4100" duration="00:00:00.0105065" startTime="2025-09-27T13:15:17.6513039+05:30" endTime="2025-09-27T13:15:17.6513042+05:30" testType="13cdc9d9-ddb5-4fa4-a97d-d965ccfc6d4b" outcome="Passed" testListId="8c84fa94-04c1-424b-9868-57a2d4851a1d" relativeResultsDirectory="f355d79b-b461-46b4-ba6d-3a5b8128590a" />
    <UnitTestResult executionId="030b3284-b22f-45ff-88ad-562b6302f8f8" testId="f39849e2-1039-89b1-4b6e-d6550cb4eed8" testName="TempleApi.Tests.DonationServiceTests.GetDonationByIdAsync_ShouldReturnDonation_WhenExists" computerName="PIC4100" duration="00:00:00.3906628" startTime="2025-09-27T13:15:16.5798965+05:30" endTime="2025-09-27T13:15:16.5798968+05:30" testType="13cdc9d9-ddb5-4fa4-a97d-d965ccfc6d4b" outcome="Passed" testListId="8c84fa94-04c1-424b-9868-57a2d4851a1d" relativeResultsDirectory="030b3284-b22f-45ff-88ad-562b6302f8f8" />
    <UnitTestResult executionId="71028795-09a0-468f-8218-87b6e15f62cf" testId="6e3b1f2b-6cc9-6f2a-6420-acff5733bd98" testName="TempleApi.Tests.AuthenticationFeatureTests.Verify_ShouldActivateUser" computerName="PIC4100" duration="00:00:00.0441922" startTime="2025-09-27T13:15:16.9677309+05:30" endTime="2025-09-27T13:15:16.9677311+05:30" testType="13cdc9d9-ddb5-4fa4-a97d-d965ccfc6d4b" outcome="Passed" testListId="8c84fa94-04c1-424b-9868-57a2d4851a1d" relativeResultsDirectory="71028795-09a0-468f-8218-87b6e15f62cf" />
    <UnitTestResult executionId="c1311d0d-4a89-46c3-b542-9e74006edc71" testId="97e857d1-6a95-830e-33e5-8c725f66fb5d" testName="TempleApi.Tests.RepositorySortingTests.FindAsync_ReturnsFilteredResultsInDescendingOrder" computerName="PIC4100" duration="00:00:00.0284170" startTime="2025-09-27T13:15:17.7176111+05:30" endTime="2025-09-27T13:15:17.7176113+05:30" testType="13cdc9d9-ddb5-4fa4-a97d-d965ccfc6d4b" outcome="Passed" testListId="8c84fa94-04c1-424b-9868-57a2d4851a1d" relativeResultsDirectory="c1311d0d-4a89-46c3-b542-9e74006edc71" />
    <UnitTestResult executionId="55ef2d59-d4d2-4bba-bbae-ea62f4553fe2" testId="5a00aed5-5f5b-198f-72a6-30da962e4f03" testName="TempleApi.Tests.DonationServiceTests.GetAllDonationsAsync_ShouldReturnOnlyActive" computerName="PIC4100" duration="00:00:00.1970878" startTime="2025-09-27T13:15:16.8476227+05:30" endTime="2025-09-27T13:15:16.8476232+05:30" testType="13cdc9d9-ddb5-4fa4-a97d-d965ccfc6d4b" outcome="Passed" testListId="8c84fa94-04c1-424b-9868-57a2d4851a1d" relativeResultsDirectory="55ef2d59-d4d2-4bba-bbae-ea62f4553fe2" />
    <UnitTestResult executionId="54d3c911-b4cd-48c7-946e-a97e188467f6" testId="09fa646b-09d4-211f-b1bd-5a4970599727" testName="TempleApi.Tests.UserServiceTests.ValidateUserCredentialsAsync_ShouldReturnTrue_WhenCredentialsAreValid" computerName="PIC4100" duration="00:00:00.0055959" startTime="2025-09-27T13:15:17.6399090+05:30" endTime="2025-09-27T13:15:17.6399095+05:30" testType="13cdc9d9-ddb5-4fa4-a97d-d965ccfc6d4b" outcome="Passed" testListId="8c84fa94-04c1-424b-9868-57a2d4851a1d" relativeResultsDirectory="54d3c911-b4cd-48c7-946e-a97e188467f6" />
    <UnitTestResult executionId="66ca3bb5-7d48-4fc8-98a8-ccad8496ed91" testId="98d2d5e2-b3ae-7ca0-525f-0a1f09d0fd5d" testName="TempleApi.Tests.PoojaBookingServiceTests.CreateBookingAsync_ShouldCreateBooking_WhenValidData" computerName="PIC4100" duration="00:00:00.0067079" startTime="2025-09-27T13:15:18.6180777+05:30" endTime="2025-09-27T13:15:18.6180780+05:30" testType="13cdc9d9-ddb5-4fa4-a97d-d965ccfc6d4b" outcome="Passed" testListId="8c84fa94-04c1-424b-9868-57a2d4851a1d" relativeResultsDirectory="66ca3bb5-7d48-4fc8-98a8-ccad8496ed91" />
    <UnitTestResult executionId="ca2e99cc-3366-4ba5-bffa-1b254f502e9c" testId="f9b280a3-2f9f-caae-df14-ece674749b67" testName="TempleApi.Tests.AuthenticationIntegrationTests.UsersMe_Put_ShouldReturnUnauthorizedWithoutAuth" computerName="PIC4100" duration="00:00:01.5302839" startTime="2025-09-27T13:15:39.0578887+05:30" endTime="2025-09-27T13:15:39.0578901+05:30" testType="13cdc9d9-ddb5-4fa4-a97d-d965ccfc6d4b" outcome="Passed" testListId="8c84fa94-04c1-424b-9868-57a2d4851a1d" relativeResultsDirectory="ca2e99cc-3366-4ba5-bffa-1b254f502e9c" />
    <UnitTestResult executionId="a04b28c5-a39a-46d6-8d89-bb79b3172f01" testId="8c16369b-46c5-be12-df14-66acfa9f232d" testName="TempleApi.Tests.UserManagementFeatureTests.UpdateUser_ShouldUpdate_NakshatraAndDOB" computerName="PIC4100" duration="00:00:00.0105977" startTime="2025-09-27T13:15:17.2590380+05:30" endTime="2025-09-27T13:15:17.2590383+05:30" testType="13cdc9d9-ddb5-4fa4-a97d-d965ccfc6d4b" outcome="Passed" testListId="8c84fa94-04c1-424b-9868-57a2d4851a1d" relativeResultsDirectory="a04b28c5-a39a-46d6-8d89-bb79b3172f01" />
    <UnitTestResult executionId="b1907f6e-bfa6-4951-b1ef-a20f90eca573" testId="425149a8-98da-7b70-a19b-a437dbb73a55" testName="TempleApi.Tests.UserManagementFeatureTests.CreateUser_ShouldInclude_NakshatraAndDOB" computerName="PIC4100" duration="00:00:00.1166331" startTime="2025-09-27T13:15:17.2436727+05:30" endTime="2025-09-27T13:15:17.2436734+05:30" testType="13cdc9d9-ddb5-4fa4-a97d-d965ccfc6d4b" outcome="Passed" testListId="8c84fa94-04c1-424b-9868-57a2d4851a1d" relativeResultsDirectory="b1907f6e-bfa6-4951-b1ef-a20f90eca573" />
    <UnitTestResult executionId="26508ae9-d01c-41f2-b468-124022d9f10a" testId="11bbe710-a08d-98f1-1ac2-9a6397cf3416" testName="TempleApi.Tests.UserManagementFeatureTests.CreateUser_ShouldAccept_VariousNakshatrasAndDates(nakshatra: &quot;Krittika&quot;, dateTimeStr: &quot;1992-07-10 08:15:00&quot;)" computerName="PIC4100" duration="00:00:00.0180529" startTime="2025-09-27T13:15:17.2841819+05:30" endTime="2025-09-27T13:15:17.2841821+05:30" testType="13cdc9d9-ddb5-4fa4-a97d-d965ccfc6d4b" outcome="Passed" testListId="8c84fa94-04c1-424b-9868-57a2d4851a1d" relativeResultsDirectory="26508ae9-d01c-41f2-b468-124022d9f10a" />
    <UnitTestResult executionId="d3f2f9b6-a05e-4c0a-a70d-53953ce9d87c" testId="e1dbd725-1762-e032-fe7a-2aa2996b82f4" testName="TempleApi.Tests.AuthenticationIntegrationTests.UsersMe_Put_ShouldUpdatePassword" computerName="PIC4100" duration="00:00:01.8498314" startTime="2025-09-27T13:15:32.7460105+05:30" endTime="2025-09-27T13:15:32.7460108+05:30" testType="13cdc9d9-ddb5-4fa4-a97d-d965ccfc6d4b" outcome="Failed" testListId="8c84fa94-04c1-424b-9868-57a2d4851a1d" relativeResultsDirectory="d3f2f9b6-a05e-4c0a-a70d-53953ce9d87c">
      <Output>
        <ErrorInfo>
          <Message>Expected response.StatusCode to be HttpStatusCode.OK {value: 200}, but found HttpStatusCode.Unauthorized {value: 401}.</Message>
          <StackTrace>   at FluentAssertions.Execution.XUnit2TestFramework.Throw(String message)&#xD;
   at FluentAssertions.Execution.TestFrameworkProvider.Throw(String message)&#xD;
   at FluentAssertions.Execution.DefaultAssertionStrategy.HandleFailure(String message)&#xD;
   at FluentAssertions.Execution.AssertionScope.FailWith(Func`1 failReasonFunc)&#xD;
   at FluentAssertions.Execution.AssertionScope.FailWith(Func`1 failReasonFunc)&#xD;
   at FluentAssertions.Execution.AssertionScope.FailWith(String message, Object[] args)&#xD;
   at FluentAssertions.Primitives.EnumAssertions`2.Be(TEnum expected, String because, Object[] becauseArgs)&#xD;
   at TempleApi.Tests.AuthenticationIntegrationTests.UsersMe_Put_ShouldUpdatePassword() in D:\prasanth\Personal\source\temple\temple-management-app\temple-api\Tests\AuthenticationIntegrationTests.cs:line 453&#xD;
--- End of stack trace from previous location ---</StackTrace>
        </ErrorInfo>
      </Output>
    </UnitTestResult>
    <UnitTestResult executionId="38926b80-3e23-4322-b023-559cec8c0a27" testId="f1af5e52-711f-1ff0-9426-c1461d5da4a6" testName="TempleApi.Tests.TempleServiceTests.GetAllTemplesAsync_ShouldReturnOnlyActiveTemples" computerName="PIC4100" duration="00:00:00.0099065" startTime="2025-09-27T13:15:17.0849923+05:30" endTime="2025-09-27T13:15:17.0849927+05:30" testType="13cdc9d9-ddb5-4fa4-a97d-d965ccfc6d4b" outcome="Passed" testListId="8c84fa94-04c1-424b-9868-57a2d4851a1d" relativeResultsDirectory="38926b80-3e23-4322-b023-559cec8c0a27" />
    <UnitTestResult executionId="c2302fe7-499b-4c5c-9eba-c2740ef1a085" testId="930d998f-051a-6d7f-4dcd-2ab6649e8df1" testName="TempleApi.Tests.PoojaBookingServiceTests.AssignStaffToBookingAsync_ShouldAssignStaff_WhenValidData" computerName="PIC4100" duration="00:00:00.0169954" startTime="2025-09-27T13:15:18.6356399+05:30" endTime="2025-09-27T13:15:18.6356409+05:30" testType="13cdc9d9-ddb5-4fa4-a97d-d965ccfc6d4b" outcome="Passed" testListId="8c84fa94-04c1-424b-9868-57a2d4851a1d" relativeResultsDirectory="c2302fe7-499b-4c5c-9eba-c2740ef1a085" />
    <UnitTestResult executionId="eab29327-35a6-444e-91ac-e5e98c21b38a" testId="132d23d0-f432-7a14-6faf-ff3d5003284b" testName="TempleApi.Tests.EventServiceTests.GetUpcomingEventsAsync_ShouldFilterByFutureAndScheduled" computerName="PIC4100" duration="00:00:00.1917652" startTime="2025-09-27T13:15:17.6420673+05:30" endTime="2025-09-27T13:15:17.6420675+05:30" testType="13cdc9d9-ddb5-4fa4-a97d-d965ccfc6d4b" outcome="Passed" testListId="8c84fa94-04c1-424b-9868-57a2d4851a1d" relativeResultsDirectory="eab29327-35a6-444e-91ac-e5e98c21b38a" />
    <UnitTestResult executionId="fe86416f-c626-497d-97f3-330fdd2fc692" testId="8c23965d-a7d4-681e-ae4e-a19d50cd74bc" testName="TempleApi.Tests.RoleServiceTests.GetAllRolesAsync_ShouldReturnAllRoles" computerName="PIC4100" duration="00:00:00.1719674" startTime="2025-09-27T13:15:16.5889948+05:30" endTime="2025-09-27T13:15:16.5889958+05:30" testType="13cdc9d9-ddb5-4fa4-a97d-d965ccfc6d4b" outcome="Passed" testListId="8c84fa94-04c1-424b-9868-57a2d4851a1d" relativeResultsDirectory="fe86416f-c626-497d-97f3-330fdd2fc692" />
    <UnitTestResult executionId="86b24405-a4d3-4097-8fb8-d437ee5f6c03" testId="96b51f8e-6fda-905f-9ab7-16cff7914612" testName="TempleApi.Tests.ExpenseServiceTests.CreateExpenseAsync_ShouldCreateExpense_WhenValidData" computerName="PIC4100" duration="00:00:00.0697675" startTime="2025-09-27T13:15:13.0576896+05:30" endTime="2025-09-27T13:15:13.0576908+05:30" testType="13cdc9d9-ddb5-4fa4-a97d-d965ccfc6d4b" outcome="Passed" testListId="8c84fa94-04c1-424b-9868-57a2d4851a1d" relativeResultsDirectory="86b24405-a4d3-4097-8fb8-d437ee5f6c03" />
    <UnitTestResult executionId="5d057b04-c323-4a82-9f61-48b72d4f603a" testId="3d4ae942-6b07-eda7-bbcd-f77204b9e973" testName="TempleApi.Tests.RepositorySortingTests.GetPagedAsync_ReturnsPagedResultsInDescendingOrder" computerName="PIC4100" duration="00:00:00.0568099" startTime="2025-09-27T13:15:17.6890105+05:30" endTime="2025-09-27T13:15:17.6890136+05:30" testType="13cdc9d9-ddb5-4fa4-a97d-d965ccfc6d4b" outcome="Passed" testListId="8c84fa94-04c1-424b-9868-57a2d4851a1d" relativeResultsDirectory="5d057b04-c323-4a82-9f61-48b72d4f603a" />
    <UnitTestResult executionId="0f9a6941-9ea4-4c72-842e-94a298ef45b6" testId="25753285-070a-7233-72a9-a5c4cd56f5a3" testName="TempleApi.Tests.EventExpenseServiceTests.UpdateEventExpenseAsync_ShouldUpdateItem_WhenExists" computerName="PIC4100" duration="00:00:00.0280303" startTime="2025-09-27T13:15:13.0302652+05:30" endTime="2025-09-27T13:15:13.0302653+05:30" testType="13cdc9d9-ddb5-4fa4-a97d-d965ccfc6d4b" outcome="Passed" testListId="8c84fa94-04c1-424b-9868-57a2d4851a1d" relativeResultsDirectory="0f9a6941-9ea4-4c72-842e-94a298ef45b6" />
    <UnitTestResult executionId="2088adad-a850-4ae7-8f56-db4969efbabe" testId="7ca996aa-9f2c-be78-a538-1ab52476a360" testName="TempleApi.Tests.PoojaServiceTests.CreatePoojaAsync_ShouldCreatePooja_WhenValidData" computerName="PIC4100" duration="00:00:00.1118017" startTime="2025-09-27T13:15:16.2826825+05:30" endTime="2025-09-27T13:15:16.2826832+05:30" testType="13cdc9d9-ddb5-4fa4-a97d-d965ccfc6d4b" outcome="Passed" testListId="8c84fa94-04c1-424b-9868-57a2d4851a1d" relativeResultsDirectory="2088adad-a850-4ae7-8f56-db4969efbabe" />
    <UnitTestResult executionId="a44d891c-5db4-4ba9-a4cd-af92139119f8" testId="9e9c93aa-0b28-8aa5-bf61-ab8defc05ea5" testName="TempleApi.Tests.UserServiceTests.GetUserByEmailAsync_ShouldReturnUser_WhenUserExists" computerName="PIC4100" duration="00:00:00.0052021" startTime="2025-09-27T13:15:17.6452987+05:30" endTime="2025-09-27T13:15:17.6452990+05:30" testType="13cdc9d9-ddb5-4fa4-a97d-d965ccfc6d4b" outcome="Passed" testListId="8c84fa94-04c1-424b-9868-57a2d4851a1d" relativeResultsDirectory="a44d891c-5db4-4ba9-a4cd-af92139119f8" />
    <UnitTestResult executionId="0065ac8b-1da4-4954-b53a-e94613d9bc03" testId="8fbcdd41-4230-99ed-d2eb-916b9d2de109" testName="TempleApi.Tests.CategoryServiceTests.CreateCategoryAsync_ShouldValidate_NameRequired(name: &quot;&quot;)" computerName="PIC4100" duration="00:00:00.0048626" startTime="2025-09-27T13:15:17.6315120+05:30" endTime="2025-09-27T13:15:17.6315121+05:30" testType="13cdc9d9-ddb5-4fa4-a97d-d965ccfc6d4b" outcome="Passed" testListId="8c84fa94-04c1-424b-9868-57a2d4851a1d" relativeResultsDirectory="0065ac8b-1da4-4954-b53a-e94613d9bc03" />
    <UnitTestResult executionId="9a14ada4-257d-4e35-b8ae-3e2e402b61e1" testId="da26529d-6b14-1094-1525-1380a0cec028" testName="TempleApi.Tests.TempleServiceTests.DeleteTempleAsync_ShouldSoftDelete_WhenExists" computerName="PIC4100" duration="00:00:00.0053348" startTime="2025-09-27T13:15:16.9809925+05:30" endTime="2025-09-27T13:15:16.9809927+05:30" testType="13cdc9d9-ddb5-4fa4-a97d-d965ccfc6d4b" outcome="Passed" testListId="8c84fa94-04c1-424b-9868-57a2d4851a1d" relativeResultsDirectory="9a14ada4-257d-4e35-b8ae-3e2e402b61e1" />
    <UnitTestResult executionId="3038744f-e69d-4223-a375-686d5ad613cb" testId="f21dd84f-97c2-fd18-c852-9555dbd45a19" testName="TempleApi.Tests.CategoryServiceTests.UpdateCategoryAsync_ShouldReturnNull_WhenNotFound" computerName="PIC4100" duration="00:00:00.0100018" startTime="2025-09-27T13:15:17.6615146+05:30" endTime="2025-09-27T13:15:17.6615148+05:30" testType="13cdc9d9-ddb5-4fa4-a97d-d965ccfc6d4b" outcome="Passed" testListId="8c84fa94-04c1-424b-9868-57a2d4851a1d" relativeResultsDirectory="3038744f-e69d-4223-a375-686d5ad613cb" />
    <UnitTestResult executionId="2ff764ec-dfbc-4df7-ad73-6453c2b4f47d" testId="6af39dee-e40a-9b12-55da-b05c5a9e0442" testName="TempleApi.Tests.SortingTests.GetAllEventsAsync_ReturnsEventsInDescendingOrder" computerName="PIC4100" duration="00:00:00.2177616" startTime="2025-09-27T13:15:16.6975395+05:30" endTime="2025-09-27T13:15:16.6975402+05:30" testType="13cdc9d9-ddb5-4fa4-a97d-d965ccfc6d4b" outcome="Passed" testListId="8c84fa94-04c1-424b-9868-57a2d4851a1d" relativeResultsDirectory="2ff764ec-dfbc-4df7-ad73-6453c2b4f47d" />
    <UnitTestResult executionId="d0341dbf-708a-4e69-95dc-908c4c69b0e4" testId="135f042c-a116-80c0-4f4c-c2b2d82e56c4" testName="TempleApi.Tests.AuthenticationIntegrationTests.Register_ShouldFail_WithDuplicateEmail" computerName="PIC4100" duration="00:00:05.0108622" startTime="2025-09-27T13:15:45.0986535+05:30" endTime="2025-09-27T13:15:45.0986537+05:30" testType="13cdc9d9-ddb5-4fa4-a97d-d965ccfc6d4b" outcome="Failed" testListId="8c84fa94-04c1-424b-9868-57a2d4851a1d" relativeResultsDirectory="d0341dbf-708a-4e69-95dc-908c4c69b0e4">
      <Output>
        <ErrorInfo>
          <Message>Expected response.StatusCode to be HttpStatusCode.BadRequest {value: 400}, but found HttpStatusCode.OK {value: 200}.</Message>
          <StackTrace>   at FluentAssertions.Execution.XUnit2TestFramework.Throw(String message)&#xD;
   at FluentAssertions.Execution.TestFrameworkProvider.Throw(String message)&#xD;
[...]
[xUnit.net 00:00:34.47]            at FluentAssertions.Execution.AssertionScope.FailWith(String message, Object[] args)&#xD;
[xUnit.net 00:00:34.47]            at FluentAssertions.Primitives.EnumAssertions`2.Be(TEnum expected, String because, Object[] becauseArgs)&#xD;
[xUnit.net 00:00:34.47]         D:\prasanth\Personal\source\temple\temple-management-app\temple-api\Tests\AuthenticationIntegrationTests.cs(391,0): at TempleApi.Tests.AuthenticationIntegrationTests.ProtectedEndpoint_ShouldReturn200_WithValidAuth()&#xD;
[xUnit.net 00:00:34.47]         --- End of stack trace from previous location ---&#xD;
[13:15:46 INF] Saved 0 entities to in-memory store.&#xD;
[13:15:46 INF] Saved 3 entities to in-memory store.&#xD;
[13:15:46 INF] Saved 3 entities to in-memory store.&#xD;
[13:15:46 INF] Ensuring database exists for provider: SQLite&#xD;
[13:15:46 INF] Saved 0 entities to in-memory store.&#xD;
[13:15:46 INF] Database ensured successfully&#xD;
[13:15:46 INF] Saved 2 entities to in-memory store.&#xD;
[13:15:46 INF] Saved 84 entities to in-memory store.&#xD;
[13:15:46 INF] Saved 104 entities to in-memory store.&#xD;
[13:15:46 INF] Saved 1 entities to in-memory store.&#xD;
[13:15:46 INF] Saved 1 entities to in-memory store.&#xD;
[13:15:46 INF] Saved 8 entities to in-memory store.&#xD;
[13:15:46 INF] Saved 1 entities to in-memory store.&#xD;
[13:15:46 INF] Saved 8 entities to in-memory store.&#xD;
[13:15:46 INF] Initial data seeded successfully&#xD;
[13:15:46 INF] No action descriptors found. This may indicate an incorrectly configured application or missing application parts. To learn more, visit https://aka.ms/aspnet/mvc/app-parts&#xD;
[13:15:46 INF] User profile is available. Using 'C:\Users\prasanth.tg\AppData\Local\ASP.NET\DataProtection-Keys' as key repository and Windows DPAPI to encrypt keys at rest.&#xD;
[13:15:46 INF] Now listening on: http://localhost:5051&#xD;
[13:15:46 INF] Request starting HTTP/1.1 GET http://localhost/api/users/me - null null&#xD;
[13:15:47 INF] BasicAuthentication was not authenticated. Failure message: Invalid username or password.&#xD;
[13:15:47 INF] Authorization failed. These requirements were not met:&#xD;
DenyAnonymousAuthorizationRequirement: Requires an authenticated user.&#xD;
[13:15:47 INF] AuthenticationScheme: BasicAuthentication was challenged.&#xD;
[13:15:47 INF] Request finished HTTP/1.1 GET http://localhost/api/users/me - 401 null null 445.4473ms&#xD;
[xUnit.net 00:00:35.53]       Expected response.StatusCode to be HttpStatusCode.OK {value: 200}, but found HttpStatusCode.Unauthorized {value: 401}.&#xD;
[xUnit.net 00:00:35.53]       Stack Trace:&#xD;
[xUnit.net 00:00:35.53]            at FluentAssertions.Execution.XUnit2TestFramework.Throw(String message)&#xD;
[xUnit.net 00:00:35.53]            at FluentAssertions.Execution.TestFrameworkProvider.Throw(String message)&#xD;
[xUnit.net 00:00:35.53]            at FluentAssertions.Execution.DefaultAssertionStrategy.HandleFailure(String message)&#xD;
[xUnit.net 00:00:35.53]            at FluentAssertions.Execution.AssertionScope.FailWith(Func`1 failReasonFunc)&#xD;
[xUnit.net 00:00:35.53]            at FluentAssertions.Execution.AssertionScope.FailWith(Func`1 failReasonFunc)&#xD;
[xUnit.net 00:00:35.53]            at FluentAssertions.Execution.AssertionScope.FailWith(String message, Object[] args)&#xD;
[xUnit.net 00:00:35.53]            at FluentAssertions.Primitives.EnumAssertions`2.Be(TEnum expected, String because, Object[] becauseArgs)&#xD;
[xUnit.net 00:00:35.53]         D:\prasanth\Personal\source\temple\temple-management-app\temple-api\Tests\AuthenticationIntegrationTests.cs(402,0): at TempleApi.Tests.AuthenticationIntegrationTests.UsersMe_Get_ShouldReturnCurrentUser()&#xD;
[xUnit.net 00:00:35.53]         --- End of stack trace from previous location ---&#xD;
[13:15:47 INF] Saved 0 entities to in-memory store.&#xD;
[13:15:47 INF] Saved 3 entities to in-memory store.&#xD;
[13:15:47 INF] Saved 3 entities to in-memory store.&#xD;
[13:15:47 INF] Ensuring database exists for provider: SQLite&#xD;
[13:15:47 INF] Saved 0 entities to in-memory store.&#xD;
[13:15:47 INF] Database ensured successfully&#xD;
[13:15:47 INF] Saved 2 entities to in-memory store.&#xD;
[13:15:47 INF] Saved 84 entities to in-memory store.&#xD;
[13:15:47 INF] Saved 104 entities to in-memory store.&#xD;
[13:15:47 INF] Saved 1 entities to in-memory store.&#xD;
[13:15:47 INF] Saved 1 entities to in-memory store.&#xD;
[13:15:47 INF] Saved 8 entities to in-memory store.&#xD;
[13:15:47 INF] Saved 1 entities to in-memory store.&#xD;
[13:15:47 INF] Saved 8 entities to in-memory store.&#xD;
[13:15:47 INF] Initial data seeded successfully&#xD;
[13:15:47 INF] No action descriptors found. This may indicate an incorrectly configured application or missing application parts. To learn more, visit https://aka.ms/aspnet/mvc/app-parts&#xD;
[13:15:47 INF] User profile is available. Using 'C:\Users\prasanth.tg\AppData\Local\ASP.NET\DataProtection-Keys' as key repository and Windows DPAPI to encrypt keys at rest.&#xD;
[13:15:48 INF] Now listening on: http://localhost:5051&#xD;
[13:15:48 INF] Request starting HTTP/1.1 POST http://localhost/api/auth/login - null null&#xD;
[13:15:48 INF] BasicAuthentication was not authenticated. Failure message: Invalid username or password.&#xD;
[13:15:48 INF] Executing endpoint 'HTTP: POST /api/auth/login'&#xD;
[13:15:48 INF] Setting HTTP status code 401.&#xD;
[13:15:48 INF] Executed endpoint 'HTTP: POST /api/auth/login'&#xD;
[13:15:48 INF] Request finished HTTP/1.1 POST http://localhost/api/auth/login - 401 null null 598.4564ms&#xD;
[13:15:48 INF] Saved 0 entities to in-memory store.&#xD;
[13:15:48 INF] Saved 3 entities to in-memory store.&#xD;
[13:15:48 INF] Saved 3 entities to in-memory store.&#xD;
[13:15:48 INF] Ensuring database exists for provider: SQLite&#xD;
[13:15:48 INF] Saved 0 entities to in-memory store.&#xD;
[13:15:48 INF] Database ensured successfully&#xD;
[13:15:48 INF] Saved 2 entities to in-memory store.&#xD;
[13:15:48 INF] Saved 84 entities to in-memory store.&#xD;
[13:15:48 INF] Saved 104 entities to in-memory store.&#xD;
[13:15:48 INF] Saved 1 entities to in-memory store.&#xD;
[13:15:48 INF] Saved 1 entities to in-memory store.&#xD;
[13:15:48 INF] Saved 8 entities to in-memory store.&#xD;
[13:15:48 INF] Saved 1 entities to in-memory store.&#xD;
[13:15:48 INF] Saved 8 entities to in-memory store.&#xD;
[13:15:48 INF] Initial data seeded successfully&#xD;
[13:15:48 INF] No action descriptors found. This may indicate an incorrectly configured application or missing application parts. To learn more, visit https://aka.ms/aspnet/mvc/app-parts&#xD;
[13:15:48 INF] User profile is available. Using 'C:\Users\prasanth.tg\AppData\Local\ASP.NET\DataProtection-Keys' as key repository and Windows DPAPI to encrypt keys at rest.&#xD;
[13:15:49 INF] Now listening on: http://localhost:5051&#xD;
[13:15:49 INF] Request starting HTTP/1.1 GET http://localhost/api/auth/roles - null null&#xD;
[13:15:49 INF] BasicAuthentication was not authenticated. Failure message: Invalid username or password.&#xD;
[13:15:49 INF] Authorization failed. These requirements were not met:&#xD;
DenyAnonymousAuthorizationRequirement: Requires an authenticated user.&#xD;
[13:15:49 INF] AuthenticationScheme: BasicAuthentication was challenged.&#xD;
[13:15:49 INF] Request finished HTTP/1.1 GET http://localhost/api/auth/roles - 401 null null 536.4139ms&#xD;
[xUnit.net 00:00:38.16]       Expected response.StatusCode to be HttpStatusCode.OK {value: 200}, but found HttpStatusCode.Unauthorized {value: 401}.&#xD;
[xUnit.net 00:00:38.16]       Stack Trace:&#xD;
[xUnit.net 00:00:38.16]            at FluentAssertions.Execution.XUnit2TestFramework.Throw(String message)&#xD;
[xUnit.net 00:00:38.16]            at FluentAssertions.Execution.TestFrameworkProvider.Throw(String message)&#xD;
[xUnit.net 00:00:38.16]            at FluentAssertions.Execution.DefaultAssertionStrategy.HandleFailure(String message)&#xD;
[xUnit.net 00:00:38.16]            at FluentAssertions.Execution.AssertionScope.FailWith(Func`1 failReasonFunc)&#xD;
[xUnit.net 00:00:38.16]            at FluentAssertions.Execution.AssertionScope.FailWith(Func`1 failReasonFunc)&#xD;
[xUnit.net 00:00:38.16]            at FluentAssertions.Execution.AssertionScope.FailWith(String message, Object[] args)&#xD;
[xUnit.net 00:00:38.16]            at FluentAssertions.Primitives.EnumAssertions`2.Be(TEnum expected, String because, Object[] becauseArgs)&#xD;
[xUnit.net 00:00:38.16]         D:\prasanth\Personal\source\temple\temple-management-app\temple-api\Tests\AuthenticationIntegrationTests.cs(208,0): at TempleApi.Tests.AuthenticationIntegrationTests.GetRoles_ShouldReturnUserRoles_WithValidAuth()&#xD;
[xUnit.net 00:00:38.16]         --- End of stack trace from previous location ---&#xD;
[13:15:50 INF] Saved 0 entities to in-memory store.&#xD;
[13:15:50 INF] Saved 3 entities to in-memory store.&#xD;
[13:15:50 INF] Saved 3 entities to in-memory store.&#xD;
[13:15:50 INF] Ensuring database exists for provider: SQLite&#xD;
[13:15:50 INF] Saved 0 entities to in-memory store.&#xD;
[13:15:50 INF] Database ensured successfully&#xD;
[13:15:50 INF] Saved 2 entities to in-memory store.&#xD;
[13:15:50 INF] Saved 84 entities to in-memory store.&#xD;
[13:15:50 INF] Saved 104 entities to in-memory store.&#xD;
[13:15:50 INF] Saved 1 entities to in-memory store.&#xD;
[13:15:50 INF] Saved 1 entities to in-memory store.&#xD;
[13:15:50 INF] Saved 8 entities to in-memory store.&#xD;
[13:15:50 INF] Saved 1 entities to in-memory store.&#xD;
[13:15:50 INF] Saved 8 entities to in-memory store.&#xD;
[13:15:50 INF] Initial data seeded successfully&#xD;
[13:15:50 INF] No action descriptors found. This may indicate an incorrectly configured application or missing application parts. To learn more, visit https://aka.ms/aspnet/mvc/app-parts&#xD;
[13:15:50 INF] User profile is available. Using 'C:\Users\prasanth.tg\AppData\Local\ASP.NET\DataProtection-Keys' as key repository and Windows DPAPI to encrypt keys at rest.&#xD;
[13:15:50 INF] Now listening on: http://localhost:5051&#xD;
[13:15:50 INF] Saved 1 entities to in-memory store.&#xD;
[13:15:50 INF] Request starting HTTP/1.1 GET http://localhost/api/auth/verify?code=test-verification-code - null null&#xD;
[13:15:51 INF] Executing endpoint 'HTTP: GET /api/auth/verify'&#xD;
[13:15:51 INF] Setting HTTP status code 400.&#xD;
[13:15:51 INF] Writing value of type 'String' as Json.&#xD;
[13:15:51 INF] Executed endpoint 'HTTP: GET /api/auth/verify'&#xD;
[13:15:51 INF] Request finished HTTP/1.1 GET http://localhost/api/auth/verify?code=test-verification-code - 400 null application/json; charset=utf-8 716.7479ms&#xD;
[xUnit.net 00:00:39.73]       Expected response.StatusCode to be HttpStatusCode.OK {value: 200}, but found HttpStatusCode.BadRequest {value: 400}.&#xD;
[xUnit.net 00:00:39.73]       Stack Trace:&#xD;
[xUnit.net 00:00:39.73]            at FluentAssertions.Execution.XUnit2TestFramework.Throw(String message)&#xD;
[xUnit.net 00:00:39.73]            at FluentAssertions.Execution.TestFrameworkProvider.Throw(String message)&#xD;
[xUnit.net 00:00:39.73]            at FluentAssertions.Execution.DefaultAssertionStrategy.HandleFailure(String message)&#xD;
[xUnit.net 00:00:39.73]            at FluentAssertions.Execution.AssertionScope.FailWith(Func`1 failReasonFunc)&#xD;
[xUnit.net 00:00:39.73]            at FluentAssertions.Execution.AssertionScope.FailWith(Func`1 failReasonFunc)&#xD;
[xUnit.net 00:00:39.73]            at FluentAssertions.Execution.AssertionScope.FailWith(String message, Object[] args)&#xD;
[xUnit.net 00:00:39.74]            at FluentAssertions.Primitives.EnumAssertions`2.Be(TEnum expected, String because, Object[] becauseArgs)&#xD;
[xUnit.net 00:00:39.74]         D:\prasanth\Personal\source\temple\temple-management-app\temple-api\Tests\AuthenticationIntegrationTests.cs(339,0): at TempleApi.Tests.AuthenticationIntegrationTests.Verify_ShouldActivateUser_WithValidCode()&#xD;
[xUnit.net 00:00:39.74]         --- End of stack trace from previous location ---&#xD;
[13:15:51 INF] Saved 0 entities to in-memory store.&#xD;
[13:15:51 INF] Saved 3 entities to in-memory store.&#xD;
[13:15:51 INF] Saved 3 entities to in-memory store.&#xD;
[13:15:51 INF] Ensuring database exists for provider: SQLite&#xD;
[13:15:51 INF] Saved 0 entities to in-memory store.&#xD;
[13:15:51 INF] Database ensured successfully&#xD;
[13:15:51 INF] Saved 2 entities to in-memory store.&#xD;
[13:15:51 INF] Saved 84 entities to in-memory store.&#xD;
[13:15:51 INF] Saved 104 entities to in-memory store.&#xD;
[13:15:51 INF] Saved 1 entities to in-memory store.&#xD;
[13:15:51 INF] Saved 1 entities to in-memory store.&#xD;
[13:15:51 INF] Saved 8 entities to in-memory store.&#xD;
[13:15:51 INF] Saved 1 entities to in-memory store.&#xD;
[13:15:51 INF] Saved 8 entities to in-memory store.&#xD;
[13:15:51 INF] Initial data seeded successfully&#xD;
[13:15:51 INF] No action descriptors found. This may indicate an incorrectly configured application or missing application parts. To learn more, visit https://aka.ms/aspnet/mvc/app-parts&#xD;
[13:15:51 INF] User profile is available. Using 'C:\Users\prasanth.tg\AppData\Local\ASP.NET\DataProtection-Keys' as key repository and Windows DPAPI to encrypt keys at rest.&#xD;
[13:15:52 INF] Now listening on: http://localhost:5051&#xD;
[13:15:52 INF] Request starting HTTP/1.1 POST http://localhost/api/auth/register - application/json; charset=utf-8 212&#xD;
[13:15:52 INF] Executing endpoint 'HTTP: POST /api/auth/register'&#xD;
[13:15:53 INF] Setting HTTP status code 400.&#xD;
[13:15:53 INF] Writing value of type 'AuthResponse' as Json.&#xD;
[13:15:53 INF] Executed endpoint 'HTTP: POST /api/auth/register'&#xD;
[13:15:53 INF] Request finished HTTP/1.1 POST http://localhost/api/auth/register - 400 null application/json; charset=utf-8 676.6384ms&#xD;
[13:15:53 INF] Saved 0 entities to in-memory store.&#xD;
[13:15:53 INF] Saved 3 entities to in-memory store.&#xD;
[13:15:53 INF] Saved 3 entities to in-memory store.&#xD;
[13:15:53 INF] Ensuring database exists for provider: SQLite&#xD;
[13:15:53 INF] Saved 0 entities to in-memory store.&#xD;
[13:15:53 INF] Database ensured successfully&#xD;
[13:15:53 INF] Saved 2 entities to in-memory store.&#xD;
[13:15:53 INF] Saved 84 entities to in-memory store.&#xD;
[13:15:53 INF] Saved 104 entities to in-memory store.&#xD;
[13:15:53 INF] Saved 1 entities to in-memory store.&#xD;
[13:15:53 INF] Saved 1 entities to in-memory store.&#xD;
[13:15:53 INF] Saved 8 entities to in-memory store.&#xD;
[13:15:53 INF] Saved 1 entities to in-memory store.&#xD;
[13:15:53 INF] Saved 8 entities to in-memory store.&#xD;
[13:15:53 INF] Initial data seeded successfully&#xD;
[13:15:53 INF] No action descriptors found. This may indicate an incorrectly configured application or missing application parts. To learn more, visit https://aka.ms/aspnet/mvc/app-parts&#xD;
[13:15:53 INF] User profile is available. Using 'C:\Users\prasanth.tg\AppData\Local\ASP.NET\DataProtection-Keys' as key repository and Windows DPAPI to encrypt keys at rest.&#xD;
[13:15:53 INF] Now listening on: http://localhost:5051&#xD;
[13:15:53 INF] Request starting HTTP/1.1 GET http://localhost/api/auth/permissions - null null&#xD;
[13:15:54 INF] BasicAuthentication was not authenticated. Failure message: Invalid username or password.&#xD;
[13:15:54 INF] Authorization failed. These requirements were not met:&#xD;
DenyAnonymousAuthorizationRequirement: Requires an authenticated user.&#xD;
[13:15:54 INF] AuthenticationScheme: BasicAuthentication was challenged.&#xD;
[13:15:54 INF] Request finished HTTP/1.1 GET http://localhost/api/auth/permissions - 401 null null 420.424ms&#xD;
[xUnit.net 00:00:42.26]       Expected response.StatusCode to be HttpStatusCode.OK {value: 200}, but found HttpStatusCode.Unauthorized {value: 401}.&#xD;
[xUnit.net 00:00:42.26]       Stack Trace:&#xD;
[xUnit.net 00:00:42.26]            at FluentAssertions.Execution.XUnit2TestFramework.Throw(String message)&#xD;
[xUnit.net 00:00:42.26]            at FluentAssertions.Execution.TestFrameworkProvider.Throw(String message)&#xD;
[xUnit.net 00:00:42.26]            at FluentAssertions.Execution.DefaultAssertionStrategy.HandleFailure(String message)&#xD;
[xUnit.net 00:00:42.26]            at FluentAssertions.Execution.AssertionScope.FailWith(Func`1 failReasonFunc)&#xD;
[xUnit.net 00:00:42.26]            at FluentAssertions.Execution.AssertionScope.FailWith(Func`1 failReasonFunc)&#xD;
[xUnit.net 00:00:42.26]            at FluentAssertions.Execution.AssertionScope.FailWith(String message, Object[] args)&#xD;
[xUnit.net 00:00:42.26]            at FluentAssertions.Primitives.EnumAssertions`2.Be(TEnum expected, String because, Object[] becauseArgs)&#xD;
[xUnit.net 00:00:42.27]         D:\prasanth\Personal\source\temple\temple-management-app\temple-api\Tests\AuthenticationIntegrationTests.cs(226,0): at TempleApi.Tests.AuthenticationIntegrationTests.GetPermissions_ShouldReturnUserPermissions_WithValidAuth()&#xD;
[xUnit.net 00:00:42.27]         --- End of stack trace from previous location ---&#xD;
[xUnit.net 00:00:42.29]   Finished:    TempleApi.Tests&#xD;
</StdOut>
    </Output>
    <RunInfos>
      <RunInfo computerName="PIC4100" outcome="Error" timestamp="2025-09-27T13:15:21.6723302+05:30">
        <Text>[xUnit.net 00:00:09.86]     TempleApi.Tests.AuthenticationIntegrationTests.GetMe_ShouldReturnUserInfo_WithValidAuth [FAIL]</Text>
      </RunInfo>
      <RunInfo computerName="PIC4100" outcome="Error" timestamp="2025-09-27T13:15:32.7435519+05:30">
        <Text>[xUnit.net 00:00:20.93]     TempleApi.Tests.AuthenticationIntegrationTests.UsersMe_Put_ShouldUpdatePassword [FAIL]</Text>
      </RunInfo>
      <RunInfo computerName="PIC4100" outcome="Error" timestamp="2025-09-27T13:15:36.4764195+05:30">
        <Text>[xUnit.net 00:00:24.66]     TempleApi.Tests.AuthenticationIntegrationTests.Login_ShouldReturnSuccess_WithValidCredentials [FAIL]</Text>
      </RunInfo>
      <RunInfo computerName="PIC4100" outcome="Error" timestamp="2025-09-27T13:15:40.0877882+05:30">
        <Text>[xUnit.net 00:00:28.27]     TempleApi.Tests.AuthenticationIntegrationTests.UsersMe_Put_ShouldUpdateProfile [FAIL]</Text>
      </RunInfo>
      <RunInfo computerName="PIC4100" outcome="Error" timestamp="2025-09-27T13:15:45.0988115+05:30">
        <Text>[xUnit.net 00:00:33.28]     TempleApi.Tests.AuthenticationIntegrationTests.Register_ShouldFail_WithDuplicateEmail [FAIL]</Text>
      </RunInfo>
      <RunInfo computerName="PIC4100" outcome="Error" timestamp="2025-09-27T13:15:46.2817097+05:30">
        <Text>[xUnit.net 00:00:34.47]     TempleApi.Tests.AuthenticationIntegrationTests.ProtectedEndpoint_ShouldReturn200_WithValidAuth [FAIL]</Text>
      </RunInfo>
      <RunInfo computerName="PIC4100" outcome="Error" timestamp="2025-09-27T13:15:47.3477776+05:30">
        <Text>[xUnit.net 00:00:35.53]     TempleApi.Tests.AuthenticationIntegrationTests.UsersMe_Get_ShouldReturnCurrentUser [FAIL]</Text>
      </RunInfo>
      <RunInfo computerName="PIC4100" outcome="Error" timestamp="2025-09-27T13:15:49.9724843+05:30">
        <Text>[xUnit.net 00:00:38.15]     TempleApi.Tests.AuthenticationIntegrationTests.GetRoles_ShouldReturnUserRoles_WithValidAuth [FAIL]</Text>
      </RunInfo>
      <RunInfo computerName="PIC4100" outcome="Error" timestamp="2025-09-27T13:15:51.5474515+05:30">
        <Text>[xUnit.net 00:00:39.73]     TempleApi.Tests.AuthenticationIntegrationTests.Verify_ShouldActivateUser_WithValidCode [FAIL]</Text>
      </RunInfo>
      <RunInfo computerName="PIC4100" outcome="Error" timestamp="2025-09-27T13:15:54.0775820+05:30">
        <Text>[xUnit.net 00:00:42.26]     TempleApi.Tests.AuthenticationIntegrationTests.GetPermissions_ShouldReturnUserPermissions_WithValidAuth [FAIL]</Text>
      </RunInfo>
    </RunInfos>
  </ResultSummary>
</TestRun>